{"C:\\Users\\Ferreira\\Desktop\\jabuTI\\back\\controllers\\admin.controller.ts": {"path":"C:\\Users\\Ferreira\\Desktop\\jabuTI\\back\\controllers\\admin.controller.ts","statementMap":{"0":{"start":{"line":2,"column":0},"end":{"line":2,"column":28}},"1":{"start":{"line":3,"column":0},"end":{"line":3,"column":28}},"2":{"start":{"line":6,"column":0},"end":{"line":6,"column":47}},"3":{"start":{"line":7,"column":0},"end":{"line":7,"column":41}},"4":{"start":{"line":9,"column":0},"end":{"line":9,"column":53}},"5":{"start":{"line":10,"column":0},"end":{"line":10,"column":51}},"6":{"start":{"line":14,"column":2},"end":{"line":14,"column":132}},"7":{"start":{"line":17,"column":30},"end":{"line":24,"column":1}},"8":{"start":{"line":18,"column":2},"end":{"line":23,"column":3}},"9":{"start":{"line":19,"column":21},"end":{"line":19,"column":67}},"10":{"start":{"line":20,"column":4},"end":{"line":20,"column":42}},"11":{"start":{"line":22,"column":4},"end":{"line":22,"column":69}},"12":{"start":{"line":17,"column":13},"end":{"line":17,"column":30}},"13":{"start":{"line":26,"column":34},"end":{"line":40,"column":1}},"14":{"start":{"line":27,"column":2},"end":{"line":39,"column":3}},"15":{"start":{"line":28,"column":19},"end":{"line":28,"column":29}},"16":{"start":{"line":30,"column":20},"end":{"line":30,"column":72}},"17":{"start":{"line":32,"column":4},"end":{"line":34,"column":5}},"18":{"start":{"line":33,"column":6},"end":{"line":33,"column":70}},"19":{"start":{"line":36,"column":4},"end":{"line":36,"column":41}},"20":{"start":{"line":38,"column":4},"end":{"line":38,"column":57}},"21":{"start":{"line":26,"column":13},"end":{"line":26,"column":34}},"22":{"start":{"line":42,"column":28},"end":{"line":85,"column":1}},"23":{"start":{"line":43,"column":2},"end":{"line":84,"column":3}},"24":{"start":{"line":45,"column":6},"end":{"line":45,"column":14}},"25":{"start":{"line":47,"column":4},"end":{"line":51,"column":5}},"26":{"start":{"line":48,"column":6},"end":{"line":50,"column":9}},"27":{"start":{"line":53,"column":4},"end":{"line":58,"column":5}},"28":{"start":{"line":54,"column":6},"end":{"line":57,"column":9}},"29":{"start":{"line":60,"column":26},"end":{"line":60,"column":58}},"30":{"start":{"line":61,"column":4},"end":{"line":63,"column":5}},"31":{"start":{"line":62,"column":6},"end":{"line":62,"column":67}},"32":{"start":{"line":65,"column":22},"end":{"line":65,"column":50}},"33":{"start":{"line":67,"column":20},"end":{"line":73,"column":6}},"34":{"start":{"line":75,"column":4},"end":{"line":81,"column":7}},"35":{"start":{"line":83,"column":4},"end":{"line":83,"column":67}},"36":{"start":{"line":42,"column":13},"end":{"line":42,"column":28}},"37":{"start":{"line":87,"column":32},"end":{"line":109,"column":1}},"38":{"start":{"line":88,"column":2},"end":{"line":108,"column":3}},"39":{"start":{"line":89,"column":19},"end":{"line":89,"column":29}},"40":{"start":{"line":90,"column":29},"end":{"line":90,"column":37}},"41":{"start":{"line":92,"column":4},"end":{"line":92,"column":34}},"42":{"start":{"line":93,"column":4},"end":{"line":93,"column":38}},"43":{"start":{"line":94,"column":4},"end":{"line":94,"column":44}},"44":{"start":{"line":95,"column":4},"end":{"line":95,"column":42}},"45":{"start":{"line":97,"column":20},"end":{"line":99,"column":6}},"46":{"start":{"line":101,"column":4},"end":{"line":103,"column":5}},"47":{"start":{"line":102,"column":6},"end":{"line":102,"column":70}},"48":{"start":{"line":105,"column":4},"end":{"line":105,"column":41}},"49":{"start":{"line":107,"column":4},"end":{"line":107,"column":71}},"50":{"start":{"line":87,"column":13},"end":{"line":87,"column":32}},"51":{"start":{"line":111,"column":30},"end":{"line":129,"column":1}},"52":{"start":{"line":112,"column":2},"end":{"line":128,"column":3}},"53":{"start":{"line":113,"column":19},"end":{"line":113,"column":29}},"54":{"start":{"line":115,"column":20},"end":{"line":115,"column":55}},"55":{"start":{"line":117,"column":4},"end":{"line":119,"column":5}},"56":{"start":{"line":118,"column":6},"end":{"line":118,"column":70}},"57":{"start":{"line":121,"column":4},"end":{"line":121,"column":45}},"58":{"start":{"line":123,"column":4},"end":{"line":125,"column":7}},"59":{"start":{"line":127,"column":4},"end":{"line":127,"column":69}},"60":{"start":{"line":111,"column":13},"end":{"line":111,"column":30}},"61":{"start":{"line":131,"column":30},"end":{"line":182,"column":1}},"62":{"start":{"line":132,"column":2},"end":{"line":181,"column":3}},"63":{"start":{"line":133,"column":19},"end":{"line":133,"column":29}},"64":{"start":{"line":135,"column":20},"end":{"line":136,"column":57}},"65":{"start":{"line":138,"column":4},"end":{"line":140,"column":5}},"66":{"start":{"line":139,"column":6},"end":{"line":139,"column":70}},"67":{"start":{"line":142,"column":4},"end":{"line":146,"column":5}},"68":{"start":{"line":143,"column":6},"end":{"line":145,"column":9}},"69":{"start":{"line":148,"column":4},"end":{"line":156,"column":5}},"70":{"start":{"line":153,"column":6},"end":{"line":155,"column":9}},"71":{"start":{"line":158,"column":18},"end":{"line":158,"column":56}},"72":{"start":{"line":160,"column":4},"end":{"line":160,"column":32}},"73":{"start":{"line":161,"column":4},"end":{"line":161,"column":39}},"74":{"start":{"line":162,"column":4},"end":{"line":162,"column":77}},"75":{"start":{"line":164,"column":4},"end":{"line":164,"column":25}},"76":{"start":{"line":166,"column":25},"end":{"line":166,"column":82}},"77":{"start":{"line":168,"column":4},"end":{"line":172,"column":6}},"78":{"start":{"line":174,"column":4},"end":{"line":176,"column":7}},"79":{"start":{"line":178,"column":4},"end":{"line":180,"column":7}},"80":{"start":{"line":131,"column":13},"end":{"line":131,"column":30}},"81":{"start":{"line":185,"column":31},"end":{"line":207,"column":1}},"82":{"start":{"line":186,"column":2},"end":{"line":206,"column":3}},"83":{"start":{"line":187,"column":19},"end":{"line":187,"column":29}},"84":{"start":{"line":189,"column":20},"end":{"line":192,"column":null}},"85":{"start":{"line":195,"column":4},"end":{"line":197,"column":5}},"86":{"start":{"line":196,"column":6},"end":{"line":196,"column":70}},"87":{"start":{"line":199,"column":4},"end":{"line":199,"column":62}},"88":{"start":{"line":201,"column":4},"end":{"line":203,"column":7}},"89":{"start":{"line":205,"column":4},"end":{"line":205,"column":70}},"90":{"start":{"line":185,"column":13},"end":{"line":185,"column":31}},"91":{"start":{"line":209,"column":29},"end":{"line":231,"column":1}},"92":{"start":{"line":210,"column":2},"end":{"line":230,"column":3}},"93":{"start":{"line":211,"column":19},"end":{"line":211,"column":29}},"94":{"start":{"line":213,"column":20},"end":{"line":216,"column":null}},"95":{"start":{"line":219,"column":4},"end":{"line":221,"column":5}},"96":{"start":{"line":220,"column":6},"end":{"line":220,"column":70}},"97":{"start":{"line":223,"column":4},"end":{"line":223,"column":67}},"98":{"start":{"line":225,"column":4},"end":{"line":227,"column":7}},"99":{"start":{"line":229,"column":4},"end":{"line":229,"column":70}},"100":{"start":{"line":209,"column":13},"end":{"line":209,"column":29}},"101":{"start":{"line":233,"column":32},"end":{"line":255,"column":1}},"102":{"start":{"line":234,"column":2},"end":{"line":254,"column":3}},"103":{"start":{"line":235,"column":19},"end":{"line":235,"column":29}},"104":{"start":{"line":237,"column":20},"end":{"line":240,"column":null}},"105":{"start":{"line":243,"column":4},"end":{"line":245,"column":5}},"106":{"start":{"line":244,"column":6},"end":{"line":244,"column":70}},"107":{"start":{"line":247,"column":4},"end":{"line":247,"column":70}},"108":{"start":{"line":249,"column":4},"end":{"line":251,"column":7}},"109":{"start":{"line":253,"column":4},"end":{"line":253,"column":73}},"110":{"start":{"line":233,"column":13},"end":{"line":233,"column":32}}},"fnMap":{"0":{"name":"(anonymous_1)","decl":{"start":{"line":17,"column":30},"end":{"line":17,"column":35}},"loc":{"start":{"line":17,"column":69},"end":{"line":24,"column":1}}},"1":{"name":"(anonymous_2)","decl":{"start":{"line":26,"column":34},"end":{"line":26,"column":39}},"loc":{"start":{"line":26,"column":72},"end":{"line":40,"column":1}}},"2":{"name":"(anonymous_3)","decl":{"start":{"line":42,"column":28},"end":{"line":42,"column":33}},"loc":{"start":{"line":42,"column":66},"end":{"line":85,"column":1}}},"3":{"name":"(anonymous_4)","decl":{"start":{"line":87,"column":32},"end":{"line":87,"column":37}},"loc":{"start":{"line":87,"column":70},"end":{"line":109,"column":1}}},"4":{"name":"(anonymous_5)","decl":{"start":{"line":111,"column":30},"end":{"line":111,"column":35}},"loc":{"start":{"line":111,"column":68},"end":{"line":129,"column":1}}},"5":{"name":"(anonymous_6)","decl":{"start":{"line":131,"column":30},"end":{"line":131,"column":35}},"loc":{"start":{"line":131,"column":68},"end":{"line":182,"column":1}}},"6":{"name":"(anonymous_7)","decl":{"start":{"line":185,"column":31},"end":{"line":185,"column":36}},"loc":{"start":{"line":185,"column":69},"end":{"line":207,"column":1}}},"7":{"name":"(anonymous_8)","decl":{"start":{"line":209,"column":29},"end":{"line":209,"column":34}},"loc":{"start":{"line":209,"column":67},"end":{"line":231,"column":1}}},"8":{"name":"(anonymous_9)","decl":{"start":{"line":233,"column":32},"end":{"line":233,"column":37}},"loc":{"start":{"line":233,"column":70},"end":{"line":255,"column":1}}}},"branchMap":{"0":{"loc":{"start":{"line":32,"column":4},"end":{"line":34,"column":5}},"type":"if","locations":[{"start":{"line":32,"column":4},"end":{"line":34,"column":5}},{"start":{},"end":{}}]},"1":{"loc":{"start":{"line":44,"column":32},"end":{"line":44,"column":50}},"type":"default-arg","locations":[{"start":{"line":44,"column":39},"end":{"line":44,"column":50}}]},"2":{"loc":{"start":{"line":44,"column":52},"end":{"line":44,"column":71}},"type":"default-arg","locations":[{"start":{"line":44,"column":61},"end":{"line":44,"column":71}}]},"3":{"loc":{"start":{"line":47,"column":4},"end":{"line":51,"column":5}},"type":"if","locations":[{"start":{"line":47,"column":4},"end":{"line":51,"column":5}},{"start":{},"end":{}}]},"4":{"loc":{"start":{"line":47,"column":8},"end":{"line":47,"column":33}},"type":"binary-expr","locations":[{"start":{"line":47,"column":8},"end":{"line":47,"column":13}},{"start":{"line":47,"column":17},"end":{"line":47,"column":23}},{"start":{"line":47,"column":27},"end":{"line":47,"column":33}}]},"5":{"loc":{"start":{"line":53,"column":4},"end":{"line":58,"column":5}},"type":"if","locations":[{"start":{"line":53,"column":4},"end":{"line":58,"column":5}},{"start":{},"end":{}}]},"6":{"loc":{"start":{"line":61,"column":4},"end":{"line":63,"column":5}},"type":"if","locations":[{"start":{"line":61,"column":4},"end":{"line":63,"column":5}},{"start":{},"end":{}}]},"7":{"loc":{"start":{"line":101,"column":4},"end":{"line":103,"column":5}},"type":"if","locations":[{"start":{"line":101,"column":4},"end":{"line":103,"column":5}},{"start":{},"end":{}}]},"8":{"loc":{"start":{"line":117,"column":4},"end":{"line":119,"column":5}},"type":"if","locations":[{"start":{"line":117,"column":4},"end":{"line":119,"column":5}},{"start":{},"end":{}}]},"9":{"loc":{"start":{"line":138,"column":4},"end":{"line":140,"column":5}},"type":"if","locations":[{"start":{"line":138,"column":4},"end":{"line":140,"column":5}},{"start":{},"end":{}}]},"10":{"loc":{"start":{"line":142,"column":4},"end":{"line":146,"column":5}},"type":"if","locations":[{"start":{"line":142,"column":4},"end":{"line":146,"column":5}},{"start":{},"end":{}}]},"11":{"loc":{"start":{"line":148,"column":4},"end":{"line":156,"column":5}},"type":"if","locations":[{"start":{"line":148,"column":4},"end":{"line":156,"column":5}},{"start":{},"end":{}}]},"12":{"loc":{"start":{"line":149,"column":6},"end":{"line":151,"column":46}},"type":"binary-expr","locations":[{"start":{"line":149,"column":6},"end":{"line":149,"column":32}},{"start":{"line":150,"column":6},"end":{"line":150,"column":33}},{"start":{"line":151,"column":6},"end":{"line":151,"column":46}}]},"13":{"loc":{"start":{"line":195,"column":4},"end":{"line":197,"column":5}},"type":"if","locations":[{"start":{"line":195,"column":4},"end":{"line":197,"column":5}},{"start":{},"end":{}}]},"14":{"loc":{"start":{"line":219,"column":4},"end":{"line":221,"column":5}},"type":"if","locations":[{"start":{"line":219,"column":4},"end":{"line":221,"column":5}},{"start":{},"end":{}}]},"15":{"loc":{"start":{"line":243,"column":4},"end":{"line":245,"column":5}},"type":"if","locations":[{"start":{"line":243,"column":4},"end":{"line":245,"column":5}},{"start":{},"end":{}}]}},"s":{"0":1,"1":1,"2":1,"3":1,"4":1,"5":1,"6":1,"7":1,"8":2,"9":2,"10":1,"11":1,"12":1,"13":1,"14":3,"15":3,"16":3,"17":2,"18":1,"19":1,"20":1,"21":1,"22":1,"23":5,"24":5,"25":5,"26":1,"27":4,"28":1,"29":3,"30":3,"31":1,"32":2,"33":2,"34":1,"35":1,"36":1,"37":1,"38":3,"39":3,"40":3,"41":3,"42":3,"43":3,"44":3,"45":3,"46":2,"47":1,"48":1,"49":1,"50":1,"51":1,"52":3,"53":3,"54":3,"55":2,"56":1,"57":1,"58":1,"59":1,"60":1,"61":1,"62":5,"63":5,"64":5,"65":4,"66":1,"67":3,"68":1,"69":2,"70":1,"71":1,"72":1,"73":1,"74":1,"75":1,"76":1,"77":1,"78":1,"79":1,"80":1,"81":1,"82":3,"83":3,"84":3,"85":2,"86":1,"87":1,"88":1,"89":1,"90":1,"91":1,"92":3,"93":3,"94":3,"95":2,"96":1,"97":1,"98":1,"99":1,"100":1,"101":1,"102":3,"103":3,"104":3,"105":2,"106":1,"107":1,"108":1,"109":1,"110":1},"f":{"0":2,"1":3,"2":5,"3":3,"4":3,"5":5,"6":3,"7":3,"8":3},"b":{"0":[1,1],"1":[5],"2":[5],"3":[1,4],"4":[5,5,4],"5":[1,3],"6":[1,2],"7":[1,1],"8":[1,1],"9":[1,3],"10":[1,2],"11":[1,1],"12":[2,1,1],"13":[1,1],"14":[1,1],"15":[1,1]}}
,"C:\\Users\\Ferreira\\Desktop\\jabuTI\\back\\controllers\\aulas.controller.ts": {"path":"C:\\Users\\Ferreira\\Desktop\\jabuTI\\back\\controllers\\aulas.controller.ts","statementMap":{"0":{"start":{"line":4,"column":0},"end":{"line":4,"column":32}},"1":{"start":{"line":9,"column":0},"end":{"line":9,"column":41}},"2":{"start":{"line":14,"column":27},"end":{"line":24,"column":1}},"3":{"start":{"line":15,"column":2},"end":{"line":23,"column":3}},"4":{"start":{"line":17,"column":18},"end":{"line":17,"column":35}},"5":{"start":{"line":20,"column":4},"end":{"line":20,"column":39}},"6":{"start":{"line":22,"column":4},"end":{"line":22,"column":66}},"7":{"start":{"line":14,"column":13},"end":{"line":14,"column":27}},"8":{"start":{"line":29,"column":31},"end":{"line":47,"column":1}},"9":{"start":{"line":30,"column":2},"end":{"line":46,"column":3}},"10":{"start":{"line":32,"column":19},"end":{"line":32,"column":29}},"11":{"start":{"line":35,"column":17},"end":{"line":35,"column":40}},"12":{"start":{"line":38,"column":4},"end":{"line":40,"column":5}},"13":{"start":{"line":39,"column":6},"end":{"line":39,"column":67}},"14":{"start":{"line":43,"column":4},"end":{"line":43,"column":38}},"15":{"start":{"line":45,"column":4},"end":{"line":45,"column":57}},"16":{"start":{"line":29,"column":13},"end":{"line":29,"column":31}},"17":{"start":{"line":52,"column":25},"end":{"line":105,"column":1}},"18":{"start":{"line":53,"column":2},"end":{"line":104,"column":3}},"19":{"start":{"line":64,"column":8},"end":{"line":64,"column":16}},"20":{"start":{"line":67,"column":23},"end":{"line":67,"column":41}},"21":{"start":{"line":71,"column":4},"end":{"line":84,"column":5}},"22":{"start":{"line":81,"column":6},"end":{"line":83,"column":9}},"23":{"start":{"line":87,"column":21},"end":{"line":97,"column":6}},"24":{"start":{"line":100,"column":4},"end":{"line":100,"column":42}},"25":{"start":{"line":102,"column":4},"end":{"line":102,"column":23}},"26":{"start":{"line":103,"column":4},"end":{"line":103,"column":64}},"27":{"start":{"line":52,"column":13},"end":{"line":52,"column":25}},"28":{"start":{"line":111,"column":29},"end":{"line":136,"column":1}},"29":{"start":{"line":112,"column":2},"end":{"line":135,"column":3}},"30":{"start":{"line":114,"column":19},"end":{"line":114,"column":29}},"31":{"start":{"line":117,"column":29},"end":{"line":117,"column":37}},"32":{"start":{"line":120,"column":27},"end":{"line":123,"column":null}},"33":{"start":{"line":127,"column":4},"end":{"line":129,"column":5}},"34":{"start":{"line":128,"column":6},"end":{"line":128,"column":67}},"35":{"start":{"line":132,"column":4},"end":{"line":132,"column":48}},"36":{"start":{"line":134,"column":4},"end":{"line":134,"column":68}},"37":{"start":{"line":111,"column":13},"end":{"line":111,"column":29}},"38":{"start":{"line":141,"column":27},"end":{"line":164,"column":1}},"39":{"start":{"line":142,"column":2},"end":{"line":163,"column":3}},"40":{"start":{"line":143,"column":20},"end":{"line":143,"column":33}},"41":{"start":{"line":146,"column":15},"end":{"line":146,"column":60}},"42":{"start":{"line":148,"column":4},"end":{"line":150,"column":5}},"43":{"start":{"line":149,"column":6},"end":{"line":149,"column":59}},"44":{"start":{"line":152,"column":25},"end":{"line":152,"column":57}},"45":{"start":{"line":154,"column":4},"end":{"line":156,"column":5}},"46":{"start":{"line":155,"column":6},"end":{"line":155,"column":67}},"47":{"start":{"line":158,"column":4},"end":{"line":160,"column":7}},"48":{"start":{"line":162,"column":4},"end":{"line":162,"column":66}},"49":{"start":{"line":141,"column":13},"end":{"line":141,"column":27}}},"fnMap":{"0":{"name":"(anonymous_1)","decl":{"start":{"line":14,"column":27},"end":{"line":14,"column":32}},"loc":{"start":{"line":14,"column":66},"end":{"line":24,"column":1}}},"1":{"name":"(anonymous_2)","decl":{"start":{"line":29,"column":31},"end":{"line":29,"column":36}},"loc":{"start":{"line":29,"column":69},"end":{"line":47,"column":1}}},"2":{"name":"(anonymous_3)","decl":{"start":{"line":52,"column":25},"end":{"line":52,"column":30}},"loc":{"start":{"line":52,"column":63},"end":{"line":105,"column":1}}},"3":{"name":"(anonymous_4)","decl":{"start":{"line":111,"column":29},"end":{"line":111,"column":34}},"loc":{"start":{"line":111,"column":67},"end":{"line":136,"column":1}}},"4":{"name":"(anonymous_5)","decl":{"start":{"line":141,"column":27},"end":{"line":141,"column":32}},"loc":{"start":{"line":141,"column":65},"end":{"line":164,"column":1}}}},"branchMap":{"0":{"loc":{"start":{"line":38,"column":4},"end":{"line":40,"column":5}},"type":"if","locations":[{"start":{"line":38,"column":4},"end":{"line":40,"column":5}},{"start":{},"end":{}}]},"1":{"loc":{"start":{"line":71,"column":4},"end":{"line":84,"column":5}},"type":"if","locations":[{"start":{"line":71,"column":4},"end":{"line":84,"column":5}},{"start":{},"end":{}}]},"2":{"loc":{"start":{"line":72,"column":6},"end":{"line":79,"column":16}},"type":"binary-expr","locations":[{"start":{"line":72,"column":6},"end":{"line":72,"column":13}},{"start":{"line":73,"column":6},"end":{"line":73,"column":16}},{"start":{"line":74,"column":6},"end":{"line":74,"column":12}},{"start":{"line":75,"column":6},"end":{"line":75,"column":12}},{"start":{"line":76,"column":6},"end":{"line":76,"column":13}},{"start":{"line":77,"column":6},"end":{"line":77,"column":16}},{"start":{"line":78,"column":6},"end":{"line":78,"column":13}},{"start":{"line":79,"column":6},"end":{"line":79,"column":16}}]},"3":{"loc":{"start":{"line":127,"column":4},"end":{"line":129,"column":5}},"type":"if","locations":[{"start":{"line":127,"column":4},"end":{"line":129,"column":5}},{"start":{},"end":{}}]},"4":{"loc":{"start":{"line":146,"column":15},"end":{"line":146,"column":60}},"type":"cond-expr","locations":[{"start":{"line":146,"column":40},"end":{"line":146,"column":50}},{"start":{"line":146,"column":53},"end":{"line":146,"column":60}}]},"5":{"loc":{"start":{"line":148,"column":4},"end":{"line":150,"column":5}},"type":"if","locations":[{"start":{"line":148,"column":4},"end":{"line":150,"column":5}},{"start":{},"end":{}}]},"6":{"loc":{"start":{"line":154,"column":4},"end":{"line":156,"column":5}},"type":"if","locations":[{"start":{"line":154,"column":4},"end":{"line":156,"column":5}},{"start":{},"end":{}}]}},"s":{"0":1,"1":1,"2":1,"3":2,"4":2,"5":1,"6":1,"7":1,"8":1,"9":3,"10":3,"11":3,"12":2,"13":1,"14":1,"15":1,"16":1,"17":1,"18":4,"19":4,"20":4,"21":4,"22":2,"23":2,"24":1,"25":1,"26":1,"27":1,"28":1,"29":3,"30":3,"31":3,"32":3,"33":2,"34":1,"35":1,"36":1,"37":1,"38":1,"39":5,"40":5,"41":5,"42":5,"43":1,"44":4,"45":3,"46":1,"47":2,"48":1,"49":1},"f":{"0":2,"1":3,"2":4,"3":3,"4":5},"b":{"0":[1,1],"1":[2,2],"2":[4,4,3,3,3,3,3,3],"3":[1,1],"4":[1,4],"5":[1,4],"6":[1,2]}}
,"C:\\Users\\Ferreira\\Desktop\\jabuTI\\back\\controllers\\auth.controller.ts": {"path":"C:\\Users\\Ferreira\\Desktop\\jabuTI\\back\\controllers\\auth.controller.ts","statementMap":{"0":{"start":{"line":2,"column":0},"end":{"line":2,"column":31}},"1":{"start":{"line":3,"column":0},"end":{"line":3,"column":28}},"2":{"start":{"line":6,"column":0},"end":{"line":6,"column":47}},"3":{"start":{"line":7,"column":0},"end":{"line":7,"column":53}},"4":{"start":{"line":8,"column":0},"end":{"line":8,"column":49}},"5":{"start":{"line":10,"column":21},"end":{"line":100,"column":1}},"6":{"start":{"line":11,"column":2},"end":{"line":99,"column":3}},"7":{"start":{"line":12,"column":43},"end":{"line":12,"column":51}},"8":{"start":{"line":14,"column":4},"end":{"line":16,"column":5}},"9":{"start":{"line":15,"column":6},"end":{"line":15,"column":78}},"10":{"start":{"line":18,"column":20},"end":{"line":19,"column":null}},"11":{"start":{"line":22,"column":4},"end":{"line":24,"column":5}},"12":{"start":{"line":23,"column":6},"end":{"line":23,"column":69}},"13":{"start":{"line":26,"column":18},"end":{"line":26,"column":28}},"14":{"start":{"line":28,"column":4},"end":{"line":36,"column":5}},"15":{"start":{"line":29,"column":22},"end":{"line":30,"column":null}},"16":{"start":{"line":33,"column":6},"end":{"line":35,"column":9}},"17":{"start":{"line":38,"column":4},"end":{"line":40,"column":5}},"18":{"start":{"line":39,"column":6},"end":{"line":39,"column":69}},"19":{"start":{"line":42,"column":22},"end":{"line":42,"column":57}},"20":{"start":{"line":44,"column":4},"end":{"line":46,"column":5}},"21":{"start":{"line":45,"column":6},"end":{"line":45,"column":64}},"22":{"start":{"line":48,"column":24},"end":{"line":48,"column":66}},"23":{"start":{"line":50,"column":4},"end":{"line":60,"column":5}},"24":{"start":{"line":51,"column":6},"end":{"line":51,"column":35}},"25":{"start":{"line":53,"column":29},"end":{"line":53,"column":30}},"26":{"start":{"line":54,"column":6},"end":{"line":56,"column":7}},"27":{"start":{"line":55,"column":8},"end":{"line":55,"column":76}},"28":{"start":{"line":58,"column":6},"end":{"line":58,"column":27}},"29":{"start":{"line":59,"column":6},"end":{"line":59,"column":69}},"30":{"start":{"line":62,"column":4},"end":{"line":62,"column":32}},"31":{"start":{"line":63,"column":4},"end":{"line":63,"column":44}},"32":{"start":{"line":64,"column":4},"end":{"line":64,"column":25}},"33":{"start":{"line":66,"column":4},"end":{"line":68,"column":5}},"34":{"start":{"line":67,"column":6},"end":{"line":67,"column":74}},"35":{"start":{"line":70,"column":4},"end":{"line":81,"column":5}},"36":{"start":{"line":71,"column":6},"end":{"line":71,"column":39}},"37":{"start":{"line":72,"column":6},"end":{"line":72,"column":27}},"38":{"start":{"line":74,"column":20},"end":{"line":77,"column":null}},"39":{"start":{"line":80,"column":6},"end":{"line":80,"column":45}},"40":{"start":{"line":83,"column":19},"end":{"line":83,"column":73}},"41":{"start":{"line":85,"column":4},"end":{"line":85,"column":31}},"42":{"start":{"line":86,"column":4},"end":{"line":86,"column":68}},"43":{"start":{"line":87,"column":4},"end":{"line":87,"column":30}},"44":{"start":{"line":89,"column":4},"end":{"line":89,"column":25}},"45":{"start":{"line":91,"column":4},"end":{"line":91,"column":70}},"46":{"start":{"line":93,"column":4},"end":{"line":96,"column":7}},"47":{"start":{"line":98,"column":4},"end":{"line":98,"column":59}},"48":{"start":{"line":10,"column":13},"end":{"line":10,"column":21}},"49":{"start":{"line":102,"column":31},"end":{"line":188,"column":1}},"50":{"start":{"line":103,"column":2},"end":{"line":187,"column":3}},"51":{"start":{"line":104,"column":48},"end":{"line":104,"column":56}},"52":{"start":{"line":106,"column":4},"end":{"line":110,"column":5}},"53":{"start":{"line":107,"column":6},"end":{"line":109,"column":9}},"54":{"start":{"line":113,"column":4},"end":{"line":115,"column":5}},"55":{"start":{"line":114,"column":6},"end":{"line":114,"column":69}},"56":{"start":{"line":117,"column":22},"end":{"line":117,"column":57}},"57":{"start":{"line":118,"column":4},"end":{"line":120,"column":5}},"58":{"start":{"line":119,"column":6},"end":{"line":119,"column":64}},"59":{"start":{"line":122,"column":20},"end":{"line":123,"column":null}},"60":{"start":{"line":126,"column":4},"end":{"line":128,"column":5}},"61":{"start":{"line":127,"column":6},"end":{"line":127,"column":70}},"62":{"start":{"line":130,"column":18},"end":{"line":130,"column":28}},"63":{"start":{"line":132,"column":4},"end":{"line":136,"column":5}},"64":{"start":{"line":133,"column":6},"end":{"line":133,"column":32}},"65":{"start":{"line":134,"column":6},"end":{"line":134,"column":44}},"66":{"start":{"line":135,"column":6},"end":{"line":135,"column":27}},"67":{"start":{"line":138,"column":4},"end":{"line":146,"column":5}},"68":{"start":{"line":139,"column":22},"end":{"line":140,"column":null}},"69":{"start":{"line":143,"column":6},"end":{"line":145,"column":9}},"70":{"start":{"line":148,"column":27},"end":{"line":148,"column":28}},"71":{"start":{"line":151,"column":6},"end":{"line":154,"column":42}},"72":{"start":{"line":156,"column":4},"end":{"line":168,"column":5}},"73":{"start":{"line":157,"column":6},"end":{"line":157,"column":33}},"74":{"start":{"line":159,"column":6},"end":{"line":161,"column":7}},"75":{"start":{"line":160,"column":8},"end":{"line":160,"column":74}},"76":{"start":{"line":163,"column":6},"end":{"line":163,"column":27}},"77":{"start":{"line":165,"column":6},"end":{"line":167,"column":9}},"78":{"start":{"line":170,"column":4},"end":{"line":170,"column":34}},"79":{"start":{"line":171,"column":4},"end":{"line":171,"column":40}},"80":{"start":{"line":172,"column":4},"end":{"line":172,"column":30}},"81":{"start":{"line":173,"column":4},"end":{"line":173,"column":42}},"82":{"start":{"line":174,"column":4},"end":{"line":174,"column":37}},"83":{"start":{"line":176,"column":4},"end":{"line":176,"column":25}},"84":{"start":{"line":178,"column":18},"end":{"line":181,"column":null}},"85":{"start":{"line":184,"column":4},"end":{"line":184,"column":43}},"86":{"start":{"line":186,"column":4},"end":{"line":186,"column":70}},"87":{"start":{"line":102,"column":13},"end":{"line":102,"column":31}},"88":{"start":{"line":191,"column":22},"end":{"line":195,"column":1}},"89":{"start":{"line":192,"column":2},"end":{"line":194,"column":5}},"90":{"start":{"line":191,"column":13},"end":{"line":191,"column":22}},"91":{"start":{"line":197,"column":28},"end":{"line":218,"column":1}},"92":{"start":{"line":198,"column":2},"end":{"line":217,"column":3}},"93":{"start":{"line":199,"column":19},"end":{"line":199,"column":29}},"94":{"start":{"line":201,"column":4},"end":{"line":203,"column":5}},"95":{"start":{"line":202,"column":6},"end":{"line":202,"column":71}},"96":{"start":{"line":205,"column":20},"end":{"line":205,"column":58}},"97":{"start":{"line":207,"column":4},"end":{"line":209,"column":5}},"98":{"start":{"line":208,"column":6},"end":{"line":208,"column":70}},"99":{"start":{"line":211,"column":4},"end":{"line":211,"column":36}},"100":{"start":{"line":212,"column":4},"end":{"line":212,"column":25}},"101":{"start":{"line":214,"column":4},"end":{"line":214,"column":76}},"102":{"start":{"line":216,"column":4},"end":{"line":216,"column":67}},"103":{"start":{"line":197,"column":13},"end":{"line":197,"column":28}},"104":{"start":{"line":220,"column":30},"end":{"line":241,"column":1}},"105":{"start":{"line":221,"column":2},"end":{"line":240,"column":3}},"106":{"start":{"line":222,"column":19},"end":{"line":222,"column":29}},"107":{"start":{"line":224,"column":4},"end":{"line":226,"column":5}},"108":{"start":{"line":225,"column":6},"end":{"line":225,"column":71}},"109":{"start":{"line":228,"column":20},"end":{"line":228,"column":58}},"110":{"start":{"line":230,"column":4},"end":{"line":232,"column":5}},"111":{"start":{"line":231,"column":6},"end":{"line":231,"column":70}},"112":{"start":{"line":234,"column":4},"end":{"line":234,"column":37}},"113":{"start":{"line":235,"column":4},"end":{"line":235,"column":25}},"114":{"start":{"line":237,"column":4},"end":{"line":237,"column":78}},"115":{"start":{"line":239,"column":4},"end":{"line":239,"column":69}},"116":{"start":{"line":220,"column":13},"end":{"line":220,"column":30}}},"fnMap":{"0":{"name":"(anonymous_1)","decl":{"start":{"line":10,"column":21},"end":{"line":10,"column":26}},"loc":{"start":{"line":10,"column":59},"end":{"line":100,"column":1}}},"1":{"name":"(anonymous_2)","decl":{"start":{"line":102,"column":31},"end":{"line":102,"column":36}},"loc":{"start":{"line":102,"column":69},"end":{"line":188,"column":1}}},"2":{"name":"(anonymous_3)","decl":{"start":{"line":191,"column":22},"end":{"line":191,"column":27}},"loc":{"start":{"line":191,"column":61},"end":{"line":195,"column":1}}},"3":{"name":"(anonymous_4)","decl":{"start":{"line":197,"column":28},"end":{"line":197,"column":33}},"loc":{"start":{"line":197,"column":66},"end":{"line":218,"column":1}}},"4":{"name":"(anonymous_5)","decl":{"start":{"line":220,"column":30},"end":{"line":220,"column":35}},"loc":{"start":{"line":220,"column":68},"end":{"line":241,"column":1}}}},"branchMap":{"0":{"loc":{"start":{"line":14,"column":4},"end":{"line":16,"column":5}},"type":"if","locations":[{"start":{"line":14,"column":4},"end":{"line":16,"column":5}},{"start":{},"end":{}}]},"1":{"loc":{"start":{"line":14,"column":8},"end":{"line":14,"column":24}},"type":"binary-expr","locations":[{"start":{"line":14,"column":8},"end":{"line":14,"column":14}},{"start":{"line":14,"column":18},"end":{"line":14,"column":24}}]},"2":{"loc":{"start":{"line":22,"column":4},"end":{"line":24,"column":5}},"type":"if","locations":[{"start":{"line":22,"column":4},"end":{"line":24,"column":5}},{"start":{},"end":{}}]},"3":{"loc":{"start":{"line":22,"column":8},"end":{"line":22,"column":34}},"type":"binary-expr","locations":[{"start":{"line":22,"column":8},"end":{"line":22,"column":16}},{"start":{"line":22,"column":20},"end":{"line":22,"column":34}}]},"4":{"loc":{"start":{"line":28,"column":4},"end":{"line":36,"column":5}},"type":"if","locations":[{"start":{"line":28,"column":4},"end":{"line":36,"column":5}},{"start":{},"end":{}}]},"5":{"loc":{"start":{"line":28,"column":8},"end":{"line":28,"column":74}},"type":"binary-expr","locations":[{"start":{"line":28,"column":8},"end":{"line":28,"column":35}},{"start":{"line":28,"column":39},"end":{"line":28,"column":74}}]},"6":{"loc":{"start":{"line":38,"column":4},"end":{"line":40,"column":5}},"type":"if","locations":[{"start":{"line":38,"column":4},"end":{"line":40,"column":5}},{"start":{},"end":{}}]},"7":{"loc":{"start":{"line":44,"column":4},"end":{"line":46,"column":5}},"type":"if","locations":[{"start":{"line":44,"column":4},"end":{"line":46,"column":5}},{"start":{},"end":{}}]},"8":{"loc":{"start":{"line":50,"column":4},"end":{"line":60,"column":5}},"type":"if","locations":[{"start":{"line":50,"column":4},"end":{"line":60,"column":5}},{"start":{},"end":{}}]},"9":{"loc":{"start":{"line":54,"column":6},"end":{"line":56,"column":7}},"type":"if","locations":[{"start":{"line":54,"column":6},"end":{"line":56,"column":7}},{"start":{},"end":{}}]},"10":{"loc":{"start":{"line":66,"column":4},"end":{"line":68,"column":5}},"type":"if","locations":[{"start":{"line":66,"column":4},"end":{"line":68,"column":5}},{"start":{},"end":{}}]},"11":{"loc":{"start":{"line":70,"column":4},"end":{"line":81,"column":5}},"type":"if","locations":[{"start":{"line":70,"column":4},"end":{"line":81,"column":5}},{"start":{},"end":{}}]},"12":{"loc":{"start":{"line":106,"column":4},"end":{"line":110,"column":5}},"type":"if","locations":[{"start":{"line":106,"column":4},"end":{"line":110,"column":5}},{"start":{},"end":{}}]},"13":{"loc":{"start":{"line":106,"column":8},"end":{"line":106,"column":29}},"type":"binary-expr","locations":[{"start":{"line":106,"column":8},"end":{"line":106,"column":18}},{"start":{"line":106,"column":22},"end":{"line":106,"column":29}}]},"14":{"loc":{"start":{"line":113,"column":4},"end":{"line":115,"column":5}},"type":"if","locations":[{"start":{"line":113,"column":4},"end":{"line":115,"column":5}},{"start":{},"end":{}}]},"15":{"loc":{"start":{"line":118,"column":4},"end":{"line":120,"column":5}},"type":"if","locations":[{"start":{"line":118,"column":4},"end":{"line":120,"column":5}},{"start":{},"end":{}}]},"16":{"loc":{"start":{"line":126,"column":4},"end":{"line":128,"column":5}},"type":"if","locations":[{"start":{"line":126,"column":4},"end":{"line":128,"column":5}},{"start":{},"end":{}}]},"17":{"loc":{"start":{"line":132,"column":4},"end":{"line":136,"column":5}},"type":"if","locations":[{"start":{"line":132,"column":4},"end":{"line":136,"column":5}},{"start":{},"end":{}}]},"18":{"loc":{"start":{"line":132,"column":8},"end":{"line":132,"column":71}},"type":"binary-expr","locations":[{"start":{"line":132,"column":8},"end":{"line":132,"column":33}},{"start":{"line":132,"column":37},"end":{"line":132,"column":71}}]},"19":{"loc":{"start":{"line":138,"column":4},"end":{"line":146,"column":5}},"type":"if","locations":[{"start":{"line":138,"column":4},"end":{"line":146,"column":5}},{"start":{},"end":{}}]},"20":{"loc":{"start":{"line":138,"column":8},"end":{"line":138,"column":70}},"type":"binary-expr","locations":[{"start":{"line":138,"column":8},"end":{"line":138,"column":33}},{"start":{"line":138,"column":37},"end":{"line":138,"column":70}}]},"21":{"loc":{"start":{"line":151,"column":6},"end":{"line":154,"column":42}},"type":"binary-expr","locations":[{"start":{"line":151,"column":6},"end":{"line":151,"column":24}},{"start":{"line":152,"column":6},"end":{"line":152,"column":34}},{"start":{"line":153,"column":6},"end":{"line":153,"column":30}},{"start":{"line":154,"column":6},"end":{"line":154,"column":42}}]},"22":{"loc":{"start":{"line":156,"column":4},"end":{"line":168,"column":5}},"type":"if","locations":[{"start":{"line":156,"column":4},"end":{"line":168,"column":5}},{"start":{},"end":{}}]},"23":{"loc":{"start":{"line":159,"column":6},"end":{"line":161,"column":7}},"type":"if","locations":[{"start":{"line":159,"column":6},"end":{"line":161,"column":7}},{"start":{},"end":{}}]},"24":{"loc":{"start":{"line":201,"column":4},"end":{"line":203,"column":5}},"type":"if","locations":[{"start":{"line":201,"column":4},"end":{"line":203,"column":5}},{"start":{},"end":{}}]},"25":{"loc":{"start":{"line":201,"column":8},"end":{"line":201,"column":39}},"type":"binary-expr","locations":[{"start":{"line":201,"column":8},"end":{"line":201,"column":20}},{"start":{"line":201,"column":24},"end":{"line":201,"column":39}}]},"26":{"loc":{"start":{"line":207,"column":4},"end":{"line":209,"column":5}},"type":"if","locations":[{"start":{"line":207,"column":4},"end":{"line":209,"column":5}},{"start":{},"end":{}}]},"27":{"loc":{"start":{"line":224,"column":4},"end":{"line":226,"column":5}},"type":"if","locations":[{"start":{"line":224,"column":4},"end":{"line":226,"column":5}},{"start":{},"end":{}}]},"28":{"loc":{"start":{"line":224,"column":8},"end":{"line":224,"column":39}},"type":"binary-expr","locations":[{"start":{"line":224,"column":8},"end":{"line":224,"column":20}},{"start":{"line":224,"column":24},"end":{"line":224,"column":39}}]},"29":{"loc":{"start":{"line":230,"column":4},"end":{"line":232,"column":5}},"type":"if","locations":[{"start":{"line":230,"column":4},"end":{"line":232,"column":5}},{"start":{},"end":{}}]}},"s":{"0":1,"1":1,"2":1,"3":1,"4":1,"5":1,"6":12,"7":12,"8":12,"9":1,"10":11,"11":10,"12":2,"13":8,"14":8,"15":1,"16":1,"17":7,"18":1,"19":6,"20":6,"21":1,"22":5,"23":5,"24":2,"25":2,"26":2,"27":1,"28":2,"29":2,"30":3,"31":3,"32":3,"33":3,"34":1,"35":2,"36":1,"37":1,"38":1,"39":1,"40":1,"41":1,"42":1,"43":1,"44":1,"45":1,"46":1,"47":1,"48":1,"49":1,"50":11,"51":11,"52":11,"53":1,"54":10,"55":1,"56":9,"57":9,"58":1,"59":8,"60":7,"61":1,"62":6,"63":6,"64":1,"65":1,"66":1,"67":6,"68":1,"69":1,"70":5,"71":5,"72":5,"73":3,"74":3,"75":1,"76":3,"77":3,"78":2,"79":2,"80":2,"81":2,"82":2,"83":2,"84":2,"85":2,"86":1,"87":1,"88":1,"89":1,"90":1,"91":1,"92":4,"93":4,"94":4,"95":1,"96":3,"97":2,"98":1,"99":1,"100":1,"101":1,"102":1,"103":1,"104":1,"105":4,"106":4,"107":4,"108":1,"109":3,"110":2,"111":1,"112":1,"113":1,"114":1,"115":1,"116":1},"f":{"0":12,"1":11,"2":1,"3":4,"4":4},"b":{"0":[1,11],"1":[12,11],"2":[2,8],"3":[10,9],"4":[1,7],"5":[8,1],"6":[1,6],"7":[1,5],"8":[2,3],"9":[1,1],"10":[1,2],"11":[1,1],"12":[1,10],"13":[11,10],"14":[1,9],"15":[1,8],"16":[1,6],"17":[1,5],"18":[6,2],"19":[1,5],"20":[6,1],"21":[5,5,3,3],"22":[3,2],"23":[1,2],"24":[1,3],"25":[4,3],"26":[1,1],"27":[1,3],"28":[4,3],"29":[1,1]}}
,"C:\\Users\\Ferreira\\Desktop\\jabuTI\\back\\controllers\\cadastro.controller.ts": {"path":"C:\\Users\\Ferreira\\Desktop\\jabuTI\\back\\controllers\\cadastro.controller.ts","statementMap":{"0":{"start":{"line":2,"column":0},"end":{"line":2,"column":28}},"1":{"start":{"line":3,"column":0},"end":{"line":3,"column":28}},"2":{"start":{"line":5,"column":0},"end":{"line":5,"column":47}},"3":{"start":{"line":6,"column":0},"end":{"line":6,"column":53}},"4":{"start":{"line":7,"column":0},"end":{"line":7,"column":51}},"5":{"start":{"line":8,"column":0},"end":{"line":8,"column":49}},"6":{"start":{"line":10,"column":32},"end":{"line":52,"column":1}},"7":{"start":{"line":11,"column":2},"end":{"line":51,"column":3}},"8":{"start":{"line":12,"column":42},"end":{"line":12,"column":50}},"9":{"start":{"line":14,"column":4},"end":{"line":16,"column":5}},"10":{"start":{"line":15,"column":6},"end":{"line":15,"column":69}},"11":{"start":{"line":18,"column":22},"end":{"line":18,"column":57}},"12":{"start":{"line":20,"column":4},"end":{"line":22,"column":5}},"13":{"start":{"line":21,"column":6},"end":{"line":21,"column":64}},"14":{"start":{"line":24,"column":4},"end":{"line":28,"column":5}},"15":{"start":{"line":25,"column":6},"end":{"line":27,"column":9}},"16":{"start":{"line":30,"column":26},"end":{"line":30,"column":58}},"17":{"start":{"line":31,"column":4},"end":{"line":33,"column":5}},"18":{"start":{"line":32,"column":6},"end":{"line":32,"column":67}},"19":{"start":{"line":35,"column":4},"end":{"line":42,"column":7}},"20":{"start":{"line":44,"column":4},"end":{"line":44,"column":53}},"21":{"start":{"line":46,"column":4},"end":{"line":48,"column":7}},"22":{"start":{"line":50,"column":4},"end":{"line":50,"column":71}},"23":{"start":{"line":10,"column":13},"end":{"line":10,"column":32}},"24":{"start":{"line":54,"column":35},"end":{"line":99,"column":1}},"25":{"start":{"line":55,"column":2},"end":{"line":98,"column":3}},"26":{"start":{"line":56,"column":36},"end":{"line":56,"column":44}},"27":{"start":{"line":58,"column":4},"end":{"line":60,"column":5}},"28":{"start":{"line":59,"column":6},"end":{"line":59,"column":69}},"29":{"start":{"line":62,"column":22},"end":{"line":62,"column":57}},"30":{"start":{"line":64,"column":4},"end":{"line":66,"column":5}},"31":{"start":{"line":65,"column":6},"end":{"line":65,"column":64}},"32":{"start":{"line":68,"column":4},"end":{"line":70,"column":5}},"33":{"start":{"line":69,"column":6},"end":{"line":69,"column":67}},"34":{"start":{"line":72,"column":20},"end":{"line":72,"column":52}},"35":{"start":{"line":74,"column":4},"end":{"line":79,"column":5}},"36":{"start":{"line":75,"column":6},"end":{"line":78,"column":9}},"37":{"start":{"line":81,"column":18},"end":{"line":81,"column":56}},"38":{"start":{"line":83,"column":4},"end":{"line":83,"column":36}},"39":{"start":{"line":84,"column":4},"end":{"line":84,"column":69}},"40":{"start":{"line":86,"column":4},"end":{"line":86,"column":25}},"41":{"start":{"line":88,"column":17},"end":{"line":88,"column":75}},"42":{"start":{"line":90,"column":4},"end":{"line":90,"column":69}},"43":{"start":{"line":92,"column":4},"end":{"line":95,"column":7}},"44":{"start":{"line":97,"column":4},"end":{"line":97,"column":78}},"45":{"start":{"line":54,"column":13},"end":{"line":54,"column":35}},"46":{"start":{"line":101,"column":28},"end":{"line":137,"column":1}},"47":{"start":{"line":102,"column":2},"end":{"line":136,"column":3}},"48":{"start":{"line":103,"column":29},"end":{"line":103,"column":37}},"49":{"start":{"line":105,"column":4},"end":{"line":107,"column":5}},"50":{"start":{"line":106,"column":6},"end":{"line":106,"column":78}},"51":{"start":{"line":109,"column":4},"end":{"line":114,"column":5}},"52":{"start":{"line":110,"column":6},"end":{"line":113,"column":9}},"53":{"start":{"line":116,"column":20},"end":{"line":119,"column":51}},"54":{"start":{"line":121,"column":4},"end":{"line":123,"column":5}},"55":{"start":{"line":122,"column":6},"end":{"line":122,"column":74}},"56":{"start":{"line":125,"column":4},"end":{"line":125,"column":49}},"57":{"start":{"line":126,"column":4},"end":{"line":126,"column":40}},"58":{"start":{"line":127,"column":4},"end":{"line":127,"column":41}},"59":{"start":{"line":129,"column":4},"end":{"line":129,"column":25}},"60":{"start":{"line":131,"column":4},"end":{"line":133,"column":7}},"61":{"start":{"line":135,"column":4},"end":{"line":135,"column":67}},"62":{"start":{"line":101,"column":13},"end":{"line":101,"column":28}},"63":{"start":{"line":139,"column":35},"end":{"line":182,"column":1}},"64":{"start":{"line":140,"column":2},"end":{"line":181,"column":3}},"65":{"start":{"line":141,"column":33},"end":{"line":141,"column":41}},"66":{"start":{"line":143,"column":4},"end":{"line":147,"column":5}},"67":{"start":{"line":144,"column":6},"end":{"line":146,"column":9}},"68":{"start":{"line":149,"column":20},"end":{"line":149,"column":52}},"69":{"start":{"line":151,"column":4},"end":{"line":156,"column":5}},"70":{"start":{"line":152,"column":6},"end":{"line":155,"column":9}},"71":{"start":{"line":158,"column":24},"end":{"line":158,"column":67}},"72":{"start":{"line":159,"column":4},"end":{"line":161,"column":5}},"73":{"start":{"line":160,"column":6},"end":{"line":160,"column":78}},"74":{"start":{"line":163,"column":18},"end":{"line":163,"column":56}},"75":{"start":{"line":165,"column":4},"end":{"line":165,"column":36}},"76":{"start":{"line":166,"column":4},"end":{"line":166,"column":69}},"77":{"start":{"line":167,"column":4},"end":{"line":167,"column":34}},"78":{"start":{"line":169,"column":4},"end":{"line":169,"column":25}},"79":{"start":{"line":171,"column":17},"end":{"line":171,"column":77}},"80":{"start":{"line":173,"column":4},"end":{"line":173,"column":80}},"81":{"start":{"line":175,"column":4},"end":{"line":178,"column":7}},"82":{"start":{"line":180,"column":4},"end":{"line":180,"column":78}},"83":{"start":{"line":139,"column":13},"end":{"line":139,"column":35}},"84":{"start":{"line":184,"column":28},"end":{"line":214,"column":1}},"85":{"start":{"line":185,"column":2},"end":{"line":213,"column":3}},"86":{"start":{"line":186,"column":22},"end":{"line":186,"column":30}},"87":{"start":{"line":188,"column":4},"end":{"line":190,"column":5}},"88":{"start":{"line":189,"column":6},"end":{"line":189,"column":67}},"89":{"start":{"line":192,"column":20},"end":{"line":195,"column":44}},"90":{"start":{"line":197,"column":4},"end":{"line":199,"column":5}},"91":{"start":{"line":198,"column":6},"end":{"line":198,"column":74}},"92":{"start":{"line":201,"column":4},"end":{"line":201,"column":38}},"93":{"start":{"line":202,"column":4},"end":{"line":202,"column":34}},"94":{"start":{"line":203,"column":4},"end":{"line":203,"column":40}},"95":{"start":{"line":204,"column":4},"end":{"line":204,"column":41}},"96":{"start":{"line":206,"column":4},"end":{"line":206,"column":25}},"97":{"start":{"line":208,"column":4},"end":{"line":210,"column":7}},"98":{"start":{"line":212,"column":4},"end":{"line":212,"column":67}},"99":{"start":{"line":184,"column":13},"end":{"line":184,"column":28}},"100":{"start":{"line":216,"column":27},"end":{"line":259,"column":1}},"101":{"start":{"line":217,"column":2},"end":{"line":258,"column":3}},"102":{"start":{"line":218,"column":29},"end":{"line":218,"column":37}},"103":{"start":{"line":220,"column":4},"end":{"line":224,"column":5}},"104":{"start":{"line":221,"column":6},"end":{"line":223,"column":9}},"105":{"start":{"line":226,"column":4},"end":{"line":231,"column":5}},"106":{"start":{"line":227,"column":6},"end":{"line":230,"column":9}},"107":{"start":{"line":233,"column":20},"end":{"line":236,"column":57}},"108":{"start":{"line":238,"column":4},"end":{"line":242,"column":5}},"109":{"start":{"line":239,"column":6},"end":{"line":241,"column":9}},"110":{"start":{"line":244,"column":4},"end":{"line":244,"column":49}},"111":{"start":{"line":245,"column":4},"end":{"line":245,"column":43}},"112":{"start":{"line":246,"column":4},"end":{"line":246,"column":44}},"113":{"start":{"line":247,"column":4},"end":{"line":247,"column":32}},"114":{"start":{"line":249,"column":4},"end":{"line":249,"column":25}},"115":{"start":{"line":251,"column":4},"end":{"line":253,"column":7}},"116":{"start":{"line":255,"column":4},"end":{"line":257,"column":7}},"117":{"start":{"line":216,"column":13},"end":{"line":216,"column":27}}},"fnMap":{"0":{"name":"(anonymous_1)","decl":{"start":{"line":10,"column":32},"end":{"line":10,"column":37}},"loc":{"start":{"line":10,"column":70},"end":{"line":52,"column":1}}},"1":{"name":"(anonymous_2)","decl":{"start":{"line":54,"column":35},"end":{"line":54,"column":40}},"loc":{"start":{"line":54,"column":73},"end":{"line":99,"column":1}}},"2":{"name":"(anonymous_3)","decl":{"start":{"line":101,"column":28},"end":{"line":101,"column":33}},"loc":{"start":{"line":101,"column":66},"end":{"line":137,"column":1}}},"3":{"name":"(anonymous_4)","decl":{"start":{"line":139,"column":35},"end":{"line":139,"column":40}},"loc":{"start":{"line":139,"column":73},"end":{"line":182,"column":1}}},"4":{"name":"(anonymous_5)","decl":{"start":{"line":184,"column":28},"end":{"line":184,"column":33}},"loc":{"start":{"line":184,"column":66},"end":{"line":214,"column":1}}},"5":{"name":"(anonymous_6)","decl":{"start":{"line":216,"column":27},"end":{"line":216,"column":32}},"loc":{"start":{"line":216,"column":65},"end":{"line":259,"column":1}}}},"branchMap":{"0":{"loc":{"start":{"line":14,"column":4},"end":{"line":16,"column":5}},"type":"if","locations":[{"start":{"line":14,"column":4},"end":{"line":16,"column":5}},{"start":{},"end":{}}]},"1":{"loc":{"start":{"line":20,"column":4},"end":{"line":22,"column":5}},"type":"if","locations":[{"start":{"line":20,"column":4},"end":{"line":22,"column":5}},{"start":{},"end":{}}]},"2":{"loc":{"start":{"line":24,"column":4},"end":{"line":28,"column":5}},"type":"if","locations":[{"start":{"line":24,"column":4},"end":{"line":28,"column":5}},{"start":{},"end":{}}]},"3":{"loc":{"start":{"line":24,"column":8},"end":{"line":24,"column":23}},"type":"binary-expr","locations":[{"start":{"line":24,"column":8},"end":{"line":24,"column":13}},{"start":{"line":24,"column":17},"end":{"line":24,"column":23}}]},"4":{"loc":{"start":{"line":31,"column":4},"end":{"line":33,"column":5}},"type":"if","locations":[{"start":{"line":31,"column":4},"end":{"line":33,"column":5}},{"start":{},"end":{}}]},"5":{"loc":{"start":{"line":58,"column":4},"end":{"line":60,"column":5}},"type":"if","locations":[{"start":{"line":58,"column":4},"end":{"line":60,"column":5}},{"start":{},"end":{}}]},"6":{"loc":{"start":{"line":64,"column":4},"end":{"line":66,"column":5}},"type":"if","locations":[{"start":{"line":64,"column":4},"end":{"line":66,"column":5}},{"start":{},"end":{}}]},"7":{"loc":{"start":{"line":68,"column":4},"end":{"line":70,"column":5}},"type":"if","locations":[{"start":{"line":68,"column":4},"end":{"line":70,"column":5}},{"start":{},"end":{}}]},"8":{"loc":{"start":{"line":74,"column":4},"end":{"line":79,"column":5}},"type":"if","locations":[{"start":{"line":74,"column":4},"end":{"line":79,"column":5}},{"start":{},"end":{}}]},"9":{"loc":{"start":{"line":105,"column":4},"end":{"line":107,"column":5}},"type":"if","locations":[{"start":{"line":105,"column":4},"end":{"line":107,"column":5}},{"start":{},"end":{}}]},"10":{"loc":{"start":{"line":105,"column":8},"end":{"line":105,"column":24}},"type":"binary-expr","locations":[{"start":{"line":105,"column":8},"end":{"line":105,"column":14}},{"start":{"line":105,"column":18},"end":{"line":105,"column":24}}]},"11":{"loc":{"start":{"line":109,"column":4},"end":{"line":114,"column":5}},"type":"if","locations":[{"start":{"line":109,"column":4},"end":{"line":114,"column":5}},{"start":{},"end":{}}]},"12":{"loc":{"start":{"line":121,"column":4},"end":{"line":123,"column":5}},"type":"if","locations":[{"start":{"line":121,"column":4},"end":{"line":123,"column":5}},{"start":{},"end":{}}]},"13":{"loc":{"start":{"line":143,"column":4},"end":{"line":147,"column":5}},"type":"if","locations":[{"start":{"line":143,"column":4},"end":{"line":147,"column":5}},{"start":{},"end":{}}]},"14":{"loc":{"start":{"line":143,"column":8},"end":{"line":143,"column":28}},"type":"binary-expr","locations":[{"start":{"line":143,"column":8},"end":{"line":143,"column":14}},{"start":{"line":143,"column":18},"end":{"line":143,"column":28}}]},"15":{"loc":{"start":{"line":151,"column":4},"end":{"line":156,"column":5}},"type":"if","locations":[{"start":{"line":151,"column":4},"end":{"line":156,"column":5}},{"start":{},"end":{}}]},"16":{"loc":{"start":{"line":159,"column":4},"end":{"line":161,"column":5}},"type":"if","locations":[{"start":{"line":159,"column":4},"end":{"line":161,"column":5}},{"start":{},"end":{}}]},"17":{"loc":{"start":{"line":188,"column":4},"end":{"line":190,"column":5}},"type":"if","locations":[{"start":{"line":188,"column":4},"end":{"line":190,"column":5}},{"start":{},"end":{}}]},"18":{"loc":{"start":{"line":197,"column":4},"end":{"line":199,"column":5}},"type":"if","locations":[{"start":{"line":197,"column":4},"end":{"line":199,"column":5}},{"start":{},"end":{}}]},"19":{"loc":{"start":{"line":197,"column":8},"end":{"line":197,"column":38}},"type":"binary-expr","locations":[{"start":{"line":197,"column":8},"end":{"line":197,"column":16}},{"start":{"line":197,"column":20},"end":{"line":197,"column":38}}]},"20":{"loc":{"start":{"line":220,"column":4},"end":{"line":224,"column":5}},"type":"if","locations":[{"start":{"line":220,"column":4},"end":{"line":224,"column":5}},{"start":{},"end":{}}]},"21":{"loc":{"start":{"line":220,"column":8},"end":{"line":220,"column":24}},"type":"binary-expr","locations":[{"start":{"line":220,"column":8},"end":{"line":220,"column":14}},{"start":{"line":220,"column":18},"end":{"line":220,"column":24}}]},"22":{"loc":{"start":{"line":226,"column":4},"end":{"line":231,"column":5}},"type":"if","locations":[{"start":{"line":226,"column":4},"end":{"line":231,"column":5}},{"start":{},"end":{}}]},"23":{"loc":{"start":{"line":238,"column":4},"end":{"line":242,"column":5}},"type":"if","locations":[{"start":{"line":238,"column":4},"end":{"line":242,"column":5}},{"start":{},"end":{}}]}},"s":{"0":1,"1":1,"2":1,"3":1,"4":1,"5":1,"6":1,"7":6,"8":6,"9":6,"10":1,"11":5,"12":4,"13":1,"14":3,"15":1,"16":2,"17":2,"18":1,"19":1,"20":1,"21":1,"22":1,"23":1,"24":1,"25":6,"26":6,"27":6,"28":1,"29":5,"30":5,"31":1,"32":4,"33":1,"34":3,"35":2,"36":1,"37":1,"38":1,"39":1,"40":1,"41":1,"42":1,"43":1,"44":1,"45":1,"46":1,"47":5,"48":5,"49":5,"50":1,"51":4,"52":1,"53":3,"54":2,"55":1,"56":1,"57":1,"58":1,"59":1,"60":1,"61":1,"62":1,"63":1,"64":5,"65":5,"66":5,"67":1,"68":4,"69":3,"70":1,"71":2,"72":2,"73":1,"74":1,"75":1,"76":1,"77":1,"78":1,"79":1,"80":1,"81":1,"82":1,"83":1,"84":1,"85":5,"86":5,"87":5,"88":1,"89":4,"90":3,"91":2,"92":1,"93":1,"94":1,"95":1,"96":1,"97":1,"98":1,"99":1,"100":1,"101":5,"102":5,"103":5,"104":1,"105":4,"106":1,"107":3,"108":2,"109":1,"110":1,"111":1,"112":1,"113":1,"114":1,"115":1,"116":1,"117":1},"f":{"0":6,"1":6,"2":5,"3":5,"4":5,"5":5},"b":{"0":[1,5],"1":[1,3],"2":[1,2],"3":[3,3],"4":[1,1],"5":[1,5],"6":[1,4],"7":[1,3],"8":[1,1],"9":[1,4],"10":[5,4],"11":[1,3],"12":[1,1],"13":[1,4],"14":[5,5],"15":[1,2],"16":[1,1],"17":[1,4],"18":[2,1],"19":[3,2],"20":[1,4],"21":[5,4],"22":[1,3],"23":[1,1]}}
,"C:\\Users\\Ferreira\\Desktop\\jabuTI\\back\\middlewares\\adminOnly.ts": {"path":"C:\\Users\\Ferreira\\Desktop\\jabuTI\\back\\middlewares\\adminOnly.ts","statementMap":{"0":{"start":{"line":4,"column":25},"end":{"line":18,"column":1}},"1":{"start":{"line":9,"column":2},"end":{"line":11,"column":3}},"2":{"start":{"line":10,"column":4},"end":{"line":10,"column":69}},"3":{"start":{"line":13,"column":2},"end":{"line":15,"column":3}},"4":{"start":{"line":14,"column":4},"end":{"line":14,"column":79}},"5":{"start":{"line":17,"column":2},"end":{"line":17,"column":16}},"6":{"start":{"line":4,"column":13},"end":{"line":4,"column":25}}},"fnMap":{"0":{"name":"(anonymous_0)","decl":{"start":{"line":4,"column":25},"end":{"line":4,"column":null}},"loc":{"start":{"line":8,"column":4},"end":{"line":18,"column":1}}}},"branchMap":{"0":{"loc":{"start":{"line":9,"column":2},"end":{"line":11,"column":3}},"type":"if","locations":[{"start":{"line":9,"column":2},"end":{"line":11,"column":3}},{"start":{},"end":{}}]},"1":{"loc":{"start":{"line":13,"column":2},"end":{"line":15,"column":3}},"type":"if","locations":[{"start":{"line":13,"column":2},"end":{"line":15,"column":3}},{"start":{},"end":{}}]}},"s":{"0":1,"1":3,"2":1,"3":2,"4":1,"5":1,"6":1},"f":{"0":3},"b":{"0":[1,2],"1":[1,1]}}
,"C:\\Users\\Ferreira\\Desktop\\jabuTI\\back\\middlewares\\auth.ts": {"path":"C:\\Users\\Ferreira\\Desktop\\jabuTI\\back\\middlewares\\auth.ts","statementMap":{"0":{"start":{"line":2,"column":0},"end":{"line":2,"column":73}},"1":{"start":{"line":4,"column":0},"end":{"line":4,"column":47}},"2":{"start":{"line":6,"column":20},"end":{"line":61,"column":1}},"3":{"start":{"line":11,"column":21},"end":{"line":11,"column":46}},"4":{"start":{"line":13,"column":2},"end":{"line":15,"column":3}},"5":{"start":{"line":14,"column":4},"end":{"line":14,"column":65}},"6":{"start":{"line":17,"column":26},"end":{"line":17,"column":47}},"7":{"start":{"line":19,"column":2},"end":{"line":21,"column":3}},"8":{"start":{"line":20,"column":4},"end":{"line":20,"column":65}},"9":{"start":{"line":23,"column":2},"end":{"line":25,"column":3}},"10":{"start":{"line":24,"column":4},"end":{"line":24,"column":72}},"11":{"start":{"line":27,"column":2},"end":{"line":60,"column":3}},"12":{"start":{"line":28,"column":20},"end":{"line":31,"column":25}},"13":{"start":{"line":33,"column":4},"end":{"line":35,"column":5}},"14":{"start":{"line":34,"column":6},"end":{"line":34,"column":62}},"15":{"start":{"line":37,"column":20},"end":{"line":37,"column":54}},"16":{"start":{"line":39,"column":4},"end":{"line":41,"column":5}},"17":{"start":{"line":40,"column":6},"end":{"line":40,"column":71}},"18":{"start":{"line":43,"column":4},"end":{"line":46,"column":6}},"19":{"start":{"line":48,"column":4},"end":{"line":48,"column":18}},"20":{"start":{"line":50,"column":4},"end":{"line":52,"column":5}},"21":{"start":{"line":51,"column":6},"end":{"line":51,"column":62}},"22":{"start":{"line":54,"column":4},"end":{"line":56,"column":5}},"23":{"start":{"line":55,"column":6},"end":{"line":55,"column":62}},"24":{"start":{"line":58,"column":4},"end":{"line":58,"column":40}},"25":{"start":{"line":59,"column":4},"end":{"line":59,"column":67}},"26":{"start":{"line":6,"column":13},"end":{"line":6,"column":20}}},"fnMap":{"0":{"name":"(anonymous_10)","decl":{"start":{"line":6,"column":20},"end":{"line":6,"column":25}},"loc":{"start":{"line":10,"column":4},"end":{"line":61,"column":1}}}},"branchMap":{"0":{"loc":{"start":{"line":13,"column":2},"end":{"line":15,"column":3}},"type":"if","locations":[{"start":{"line":13,"column":2},"end":{"line":15,"column":3}},{"start":{},"end":{}}]},"1":{"loc":{"start":{"line":13,"column":6},"end":{"line":13,"column":39}},"type":"binary-expr","locations":[{"start":{"line":13,"column":6},"end":{"line":13,"column":17}},{"start":{"line":13,"column":21},"end":{"line":13,"column":39}}]},"2":{"loc":{"start":{"line":19,"column":2},"end":{"line":21,"column":3}},"type":"if","locations":[{"start":{"line":19,"column":2},"end":{"line":21,"column":3}},{"start":{},"end":{}}]},"3":{"loc":{"start":{"line":19,"column":6},"end":{"line":19,"column":41}},"type":"binary-expr","locations":[{"start":{"line":19,"column":6},"end":{"line":19,"column":31}},{"start":{"line":19,"column":35},"end":{"line":19,"column":41}}]},"4":{"loc":{"start":{"line":23,"column":2},"end":{"line":25,"column":3}},"type":"if","locations":[{"start":{"line":23,"column":2},"end":{"line":25,"column":3}},{"start":{},"end":{}}]},"5":{"loc":{"start":{"line":33,"column":4},"end":{"line":35,"column":5}},"type":"if","locations":[{"start":{"line":33,"column":4},"end":{"line":35,"column":5}},{"start":{},"end":{}}]},"6":{"loc":{"start":{"line":39,"column":4},"end":{"line":41,"column":5}},"type":"if","locations":[{"start":{"line":39,"column":4},"end":{"line":41,"column":5}},{"start":{},"end":{}}]},"7":{"loc":{"start":{"line":50,"column":4},"end":{"line":52,"column":5}},"type":"if","locations":[{"start":{"line":50,"column":4},"end":{"line":52,"column":5}},{"start":{},"end":{}}]},"8":{"loc":{"start":{"line":54,"column":4},"end":{"line":56,"column":5}},"type":"if","locations":[{"start":{"line":54,"column":4},"end":{"line":56,"column":5}},{"start":{},"end":{}}]}},"s":{"0":1,"1":1,"2":1,"3":9,"4":9,"5":1,"6":8,"7":8,"8":1,"9":7,"10":1,"11":6,"12":6,"13":3,"14":1,"15":2,"16":2,"17":1,"18":1,"19":1,"20":3,"21":1,"22":2,"23":1,"24":1,"25":1,"26":1},"f":{"0":9},"b":{"0":[1,8],"1":[9,8],"2":[1,7],"3":[8,7],"4":[1,6],"5":[1,2],"6":[1,1],"7":[1,2],"8":[1,1]}}
,"C:\\Users\\Ferreira\\Desktop\\jabuTI\\back\\models\\aulas.model.ts": {"path":"C:\\Users\\Ferreira\\Desktop\\jabuTI\\back\\models\\aulas.model.ts","statementMap":{"0":{"start":{"line":4,"column":0},"end":{"line":4,"column":41}},"1":{"start":{"line":8,"column":19},"end":{"line":75,"column":null}},"2":{"start":{"line":80,"column":13},"end":{"line":80,"column":38}},"3":{"start":{"line":83,"column":0},"end":{"line":83,"column":20}}},"fnMap":{},"branchMap":{},"s":{"0":2,"1":2,"2":2,"3":2},"f":{},"b":{}}
,"C:\\Users\\Ferreira\\Desktop\\jabuTI\\back\\models\\usuarios.model.ts": {"path":"C:\\Users\\Ferreira\\Desktop\\jabuTI\\back\\models\\usuarios.model.ts","statementMap":{"0":{"start":{"line":1,"column":0},"end":{"line":1,"column":51}},"1":{"start":{"line":34,"column":22},"end":{"line":149,"column":null}},"2":{"start":{"line":152,"column":0},"end":{"line":152,"column":57}}},"fnMap":{},"branchMap":{},"s":{"0":4,"1":4,"2":4},"f":{},"b":{}}
,"C:\\Users\\Ferreira\\Desktop\\jabuTI\\back\\routes\\admin.routes.ts": {"path":"C:\\Users\\Ferreira\\Desktop\\jabuTI\\back\\routes\\admin.routes.ts","statementMap":{"0":{"start":{"line":1,"column":0},"end":{"line":1,"column":33}},"1":{"start":{"line":2,"column":0},"end":{"line":2,"column":null}},"2":{"start":{"line":14,"column":0},"end":{"line":14,"column":43}},"3":{"start":{"line":15,"column":0},"end":{"line":15,"column":53}},"4":{"start":{"line":16,"column":0},"end":{"line":16,"column":56}},"5":{"start":{"line":18,"column":15},"end":{"line":18,"column":23}},"6":{"start":{"line":20,"column":0},"end":{"line":20,"column":49}},"7":{"start":{"line":21,"column":0},"end":{"line":21,"column":56}},"8":{"start":{"line":23,"column":0},"end":{"line":23,"column":48}},"9":{"start":{"line":24,"column":0},"end":{"line":24,"column":54}},"10":{"start":{"line":25,"column":0},"end":{"line":25,"column":55}},"11":{"start":{"line":27,"column":0},"end":{"line":27,"column":76}},"12":{"start":{"line":28,"column":0},"end":{"line":28,"column":78}},"13":{"start":{"line":30,"column":0},"end":{"line":30,"column":68}},"14":{"start":{"line":31,"column":0},"end":{"line":31,"column":74}},"15":{"start":{"line":33,"column":0},"end":{"line":33,"column":22}}},"fnMap":{},"branchMap":{},"s":{"0":1,"1":1,"2":1,"3":1,"4":1,"5":1,"6":1,"7":1,"8":1,"9":1,"10":1,"11":1,"12":1,"13":1,"14":1,"15":1},"f":{},"b":{}}
,"C:\\Users\\Ferreira\\Desktop\\jabuTI\\back\\routes\\aulas.routes.ts": {"path":"C:\\Users\\Ferreira\\Desktop\\jabuTI\\back\\routes\\aulas.routes.ts","statementMap":{"0":{"start":{"line":3,"column":0},"end":{"line":3,"column":33}},"1":{"start":{"line":7,"column":0},"end":{"line":7,"column":41}},"2":{"start":{"line":11,"column":0},"end":{"line":11,"column":null}},"3":{"start":{"line":20,"column":15},"end":{"line":20,"column":23}},"4":{"start":{"line":27,"column":0},"end":{"line":27,"column":29}},"5":{"start":{"line":32,"column":0},"end":{"line":32,"column":36}},"6":{"start":{"line":39,"column":0},"end":{"line":39,"column":34}},"7":{"start":{"line":44,"column":0},"end":{"line":44,"column":40}},"8":{"start":{"line":49,"column":0},"end":{"line":49,"column":41}},"9":{"start":{"line":52,"column":0},"end":{"line":52,"column":22}}},"fnMap":{},"branchMap":{},"s":{"0":1,"1":1,"2":1,"3":1,"4":1,"5":1,"6":1,"7":1,"8":1,"9":1},"f":{},"b":{}}
,"C:\\Users\\Ferreira\\Desktop\\jabuTI\\back\\routes\\auth.routes.ts": {"path":"C:\\Users\\Ferreira\\Desktop\\jabuTI\\back\\routes\\auth.routes.ts","statementMap":{"0":{"start":{"line":1,"column":0},"end":{"line":1,"column":33}},"1":{"start":{"line":2,"column":0},"end":{"line":2,"column":43}},"2":{"start":{"line":3,"column":0},"end":{"line":3,"column":null}},"3":{"start":{"line":12,"column":15},"end":{"line":12,"column":23}},"4":{"start":{"line":14,"column":0},"end":{"line":14,"column":29}},"5":{"start":{"line":15,"column":0},"end":{"line":15,"column":50}},"6":{"start":{"line":16,"column":0},"end":{"line":16,"column":37}},"7":{"start":{"line":18,"column":0},"end":{"line":18,"column":51}},"8":{"start":{"line":19,"column":0},"end":{"line":19,"column":55}},"9":{"start":{"line":21,"column":0},"end":{"line":21,"column":22}}},"fnMap":{},"branchMap":{},"s":{"0":1,"1":1,"2":1,"3":1,"4":1,"5":1,"6":1,"7":1,"8":1,"9":1},"f":{},"b":{}}
,"C:\\Users\\Ferreira\\Desktop\\jabuTI\\back\\routes\\cadastro.routes.ts": {"path":"C:\\Users\\Ferreira\\Desktop\\jabuTI\\back\\routes\\cadastro.routes.ts","statementMap":{"0":{"start":{"line":1,"column":0},"end":{"line":1,"column":33}},"1":{"start":{"line":2,"column":0},"end":{"line":2,"column":null}},"2":{"start":{"line":11,"column":15},"end":{"line":11,"column":23}},"3":{"start":{"line":13,"column":0},"end":{"line":13,"column":44}},"4":{"start":{"line":15,"column":0},"end":{"line":15,"column":49}},"5":{"start":{"line":17,"column":0},"end":{"line":17,"column":59}},"6":{"start":{"line":18,"column":0},"end":{"line":18,"column":44}},"7":{"start":{"line":20,"column":0},"end":{"line":20,"column":59}},"8":{"start":{"line":21,"column":0},"end":{"line":21,"column":44}},"9":{"start":{"line":23,"column":0},"end":{"line":23,"column":22}}},"fnMap":{},"branchMap":{},"s":{"0":1,"1":1,"2":1,"3":1,"4":1,"5":1,"6":1,"7":1,"8":1,"9":1},"f":{},"b":{}}
,"C:\\Users\\Ferreira\\Desktop\\jabuTI\\back\\utils\\email.ts": {"path":"C:\\Users\\Ferreira\\Desktop\\jabuTI\\back\\utils\\email.ts","statementMap":{"0":{"start":{"line":1,"column":0},"end":{"line":1,"column":36}},"1":{"start":{"line":3,"column":13},"end":{"line":11,"column":3}}},"fnMap":{},"branchMap":{},"s":{"0":4,"1":4},"f":{},"b":{}}
,"C:\\Users\\Ferreira\\Desktop\\jabuTI\\back\\utils\\emailService.ts": {"path":"C:\\Users\\Ferreira\\Desktop\\jabuTI\\back\\utils\\emailService.ts","statementMap":{"0":{"start":{"line":1,"column":0},"end":{"line":1,"column":38}},"1":{"start":{"line":2,"column":0},"end":{"line":2,"column":50}},"2":{"start":{"line":9,"column":18},"end":{"line":19,"column":1}},"3":{"start":{"line":13,"column":2},"end":{"line":18,"column":5}},"4":{"start":{"line":28,"column":13},"end":{"line":78,"column":2}},"5":{"start":{"line":30,"column":21},"end":{"line":30,"column":58}},"6":{"start":{"line":31,"column":4},"end":{"line":31,"column":34}},"7":{"start":{"line":35,"column":21},"end":{"line":35,"column":59}},"8":{"start":{"line":36,"column":4},"end":{"line":36,"column":34}},"9":{"start":{"line":40,"column":21},"end":{"line":40,"column":50}},"10":{"start":{"line":41,"column":4},"end":{"line":41,"column":34}},"11":{"start":{"line":45,"column":21},"end":{"line":45,"column":61}},"12":{"start":{"line":46,"column":4},"end":{"line":46,"column":37}},"13":{"start":{"line":50,"column":21},"end":{"line":50,"column":58}},"14":{"start":{"line":51,"column":4},"end":{"line":51,"column":34}},"15":{"start":{"line":60,"column":21},"end":{"line":60,"column":69}},"16":{"start":{"line":61,"column":4},"end":{"line":61,"column":34}},"17":{"start":{"line":65,"column":21},"end":{"line":65,"column":51}},"18":{"start":{"line":66,"column":4},"end":{"line":66,"column":34}},"19":{"start":{"line":70,"column":21},"end":{"line":70,"column":56}},"20":{"start":{"line":71,"column":4},"end":{"line":71,"column":34}},"21":{"start":{"line":75,"column":21},"end":{"line":75,"column":59}},"22":{"start":{"line":76,"column":4},"end":{"line":76,"column":34}}},"fnMap":{"0":{"name":"(anonymous_0)","decl":{"start":{"line":9,"column":18},"end":{"line":9,"column":23}},"loc":{"start":{"line":12,"column":4},"end":{"line":19,"column":1}}},"1":{"name":"(anonymous_1)","decl":{"start":{"line":29,"column":20},"end":{"line":29,"column":25}},"loc":{"start":{"line":29,"column":55},"end":{"line":32,"column":3}}},"2":{"name":"(anonymous_2)","decl":{"start":{"line":34,"column":13},"end":{"line":34,"column":18}},"loc":{"start":{"line":34,"column":64},"end":{"line":37,"column":3}}},"3":{"name":"(anonymous_3)","decl":{"start":{"line":39,"column":12},"end":{"line":39,"column":17}},"loc":{"start":{"line":39,"column":47},"end":{"line":42,"column":3}}},"4":{"name":"(anonymous_4)","decl":{"start":{"line":44,"column":23},"end":{"line":44,"column":28}},"loc":{"start":{"line":44,"column":75},"end":{"line":47,"column":3}}},"5":{"name":"(anonymous_5)","decl":{"start":{"line":49,"column":14},"end":{"line":49,"column":19}},"loc":{"start":{"line":49,"column":63},"end":{"line":52,"column":3}}},"6":{"name":"(anonymous_6)","decl":{"start":{"line":54,"column":14},"end":{"line":54,"column":19}},"loc":{"start":{"line":59,"column":6},"end":{"line":62,"column":3}}},"7":{"name":"(anonymous_7)","decl":{"start":{"line":64,"column":13},"end":{"line":64,"column":18}},"loc":{"start":{"line":64,"column":48},"end":{"line":67,"column":3}}},"8":{"name":"(anonymous_8)","decl":{"start":{"line":69,"column":18},"end":{"line":69,"column":23}},"loc":{"start":{"line":69,"column":53},"end":{"line":72,"column":3}}},"9":{"name":"(anonymous_9)","decl":{"start":{"line":74,"column":21},"end":{"line":74,"column":26}},"loc":{"start":{"line":74,"column":56},"end":{"line":77,"column":3}}}},"branchMap":{},"s":{"0":4,"1":4,"2":4,"3":9,"4":4,"5":1,"6":1,"7":1,"8":1,"9":1,"10":1,"11":1,"12":1,"13":1,"14":1,"15":1,"16":1,"17":1,"18":1,"19":1,"20":1,"21":1,"22":1},"f":{"0":9,"1":1,"2":1,"3":1,"4":1,"5":1,"6":1,"7":1,"8":1,"9":1},"b":{}}
,"C:\\Users\\Ferreira\\Desktop\\jabuTI\\back\\utils\\emailTemplates.ts": {"path":"C:\\Users\\Ferreira\\Desktop\\jabuTI\\back\\utils\\emailTemplates.ts","statementMap":{"0":{"start":{"line":1,"column":13},"end":{"line":152,"column":2}},"1":{"start":{"line":2,"column":39},"end":{"line":17,"column":4}},"2":{"start":{"line":19,"column":48},"end":{"line":32,"column":4}},"3":{"start":{"line":34,"column":31},"end":{"line":45,"column":4}},"4":{"start":{"line":47,"column":50},"end":{"line":67,"column":4}},"5":{"start":{"line":69,"column":32},"end":{"line":80,"column":4}},"6":{"start":{"line":82,"column":37},"end":{"line":93,"column":4}},"7":{"start":{"line":95,"column":40},"end":{"line":107,"column":4}},"8":{"start":{"line":110,"column":47},"end":{"line":129,"column":4}},"9":{"start":{"line":131,"column":66},"end":{"line":151,"column":4}}},"fnMap":{"0":{"name":"(anonymous_0)","decl":{"start":{"line":2,"column":20},"end":{"line":2,"column":21}},"loc":{"start":{"line":2,"column":39},"end":{"line":17,"column":4}}},"1":{"name":"(anonymous_1)","decl":{"start":{"line":19,"column":13},"end":{"line":19,"column":14}},"loc":{"start":{"line":19,"column":48},"end":{"line":32,"column":4}}},"2":{"name":"(anonymous_2)","decl":{"start":{"line":34,"column":12},"end":{"line":34,"column":13}},"loc":{"start":{"line":34,"column":31},"end":{"line":45,"column":4}}},"3":{"name":"(anonymous_3)","decl":{"start":{"line":47,"column":17},"end":{"line":47,"column":18}},"loc":{"start":{"line":47,"column":50},"end":{"line":67,"column":4}}},"4":{"name":"(anonymous_4)","decl":{"start":{"line":69,"column":13},"end":{"line":69,"column":14}},"loc":{"start":{"line":69,"column":32},"end":{"line":80,"column":4}}},"5":{"name":"(anonymous_5)","decl":{"start":{"line":82,"column":18},"end":{"line":82,"column":19}},"loc":{"start":{"line":82,"column":37},"end":{"line":93,"column":4}}},"6":{"name":"(anonymous_6)","decl":{"start":{"line":95,"column":21},"end":{"line":95,"column":22}},"loc":{"start":{"line":95,"column":40},"end":{"line":107,"column":4}}},"7":{"name":"(anonymous_7)","decl":{"start":{"line":110,"column":14},"end":{"line":110,"column":15}},"loc":{"start":{"line":110,"column":47},"end":{"line":129,"column":4}}},"8":{"name":"(anonymous_8)","decl":{"start":{"line":131,"column":14},"end":{"line":131,"column":15}},"loc":{"start":{"line":131,"column":66},"end":{"line":151,"column":4}}}},"branchMap":{},"s":{"0":5,"1":1,"2":1,"3":1,"4":1,"5":1,"6":1,"7":1,"8":1,"9":1},"f":{"0":1,"1":1,"2":1,"3":1,"4":1,"5":1,"6":1,"7":1,"8":1},"b":{}}
,"C:\\Users\\Ferreira\\Desktop\\jabuTI\\back\\utils\\senha.ts": {"path":"C:\\Users\\Ferreira\\Desktop\\jabuTI\\back\\utils\\senha.ts","statementMap":{"0":{"start":{"line":1,"column":0},"end":{"line":1,"column":16}},"1":{"start":{"line":3,"column":16},"end":{"line":3,"column":62}},"2":{"start":{"line":4,"column":2},"end":{"line":4,"column":27}}},"fnMap":{"0":{"name":"validarSenhaForte","decl":{"start":{"line":1,"column":16},"end":{"line":1,"column":33}},"loc":{"start":{"line":1,"column":47},"end":{"line":5,"column":1}}}},"branchMap":{},"s":{"0":3,"1":5,"2":5},"f":{"0":5},"b":{}}
}
