{"C:\\Users\\Ferreira\\Desktop\\jabuTI\\back\\controllers\\cadastro.controller.ts": {"path":"C:\\Users\\Ferreira\\Desktop\\jabuTI\\back\\controllers\\cadastro.controller.ts","statementMap":{"0":{"start":{"line":2,"column":0},"end":{"line":2,"column":28}},"1":{"start":{"line":3,"column":0},"end":{"line":3,"column":28}},"2":{"start":{"line":5,"column":0},"end":{"line":5,"column":47}},"3":{"start":{"line":6,"column":0},"end":{"line":6,"column":53}},"4":{"start":{"line":7,"column":0},"end":{"line":7,"column":51}},"5":{"start":{"line":8,"column":0},"end":{"line":8,"column":49}},"6":{"start":{"line":10,"column":32},"end":{"line":52,"column":1}},"7":{"start":{"line":11,"column":2},"end":{"line":51,"column":3}},"8":{"start":{"line":12,"column":42},"end":{"line":12,"column":50}},"9":{"start":{"line":14,"column":4},"end":{"line":16,"column":5}},"10":{"start":{"line":15,"column":6},"end":{"line":15,"column":69}},"11":{"start":{"line":18,"column":22},"end":{"line":18,"column":57}},"12":{"start":{"line":20,"column":4},"end":{"line":22,"column":5}},"13":{"start":{"line":21,"column":6},"end":{"line":21,"column":64}},"14":{"start":{"line":24,"column":4},"end":{"line":28,"column":5}},"15":{"start":{"line":25,"column":6},"end":{"line":27,"column":9}},"16":{"start":{"line":30,"column":26},"end":{"line":30,"column":58}},"17":{"start":{"line":31,"column":4},"end":{"line":33,"column":5}},"18":{"start":{"line":32,"column":6},"end":{"line":32,"column":67}},"19":{"start":{"line":35,"column":4},"end":{"line":42,"column":7}},"20":{"start":{"line":44,"column":4},"end":{"line":44,"column":53}},"21":{"start":{"line":46,"column":4},"end":{"line":48,"column":7}},"22":{"start":{"line":50,"column":4},"end":{"line":50,"column":71}},"23":{"start":{"line":10,"column":13},"end":{"line":10,"column":32}},"24":{"start":{"line":54,"column":35},"end":{"line":99,"column":1}},"25":{"start":{"line":55,"column":2},"end":{"line":98,"column":3}},"26":{"start":{"line":56,"column":36},"end":{"line":56,"column":44}},"27":{"start":{"line":58,"column":4},"end":{"line":60,"column":5}},"28":{"start":{"line":59,"column":6},"end":{"line":59,"column":69}},"29":{"start":{"line":62,"column":22},"end":{"line":62,"column":57}},"30":{"start":{"line":64,"column":4},"end":{"line":66,"column":5}},"31":{"start":{"line":65,"column":6},"end":{"line":65,"column":64}},"32":{"start":{"line":68,"column":4},"end":{"line":70,"column":5}},"33":{"start":{"line":69,"column":6},"end":{"line":69,"column":67}},"34":{"start":{"line":72,"column":20},"end":{"line":72,"column":52}},"35":{"start":{"line":74,"column":4},"end":{"line":79,"column":5}},"36":{"start":{"line":75,"column":6},"end":{"line":78,"column":9}},"37":{"start":{"line":81,"column":18},"end":{"line":81,"column":56}},"38":{"start":{"line":83,"column":4},"end":{"line":83,"column":36}},"39":{"start":{"line":84,"column":4},"end":{"line":84,"column":69}},"40":{"start":{"line":86,"column":4},"end":{"line":86,"column":25}},"41":{"start":{"line":88,"column":17},"end":{"line":88,"column":75}},"42":{"start":{"line":90,"column":4},"end":{"line":90,"column":69}},"43":{"start":{"line":92,"column":4},"end":{"line":95,"column":7}},"44":{"start":{"line":97,"column":4},"end":{"line":97,"column":78}},"45":{"start":{"line":54,"column":13},"end":{"line":54,"column":35}},"46":{"start":{"line":101,"column":28},"end":{"line":137,"column":1}},"47":{"start":{"line":102,"column":2},"end":{"line":136,"column":3}},"48":{"start":{"line":103,"column":29},"end":{"line":103,"column":37}},"49":{"start":{"line":105,"column":4},"end":{"line":107,"column":5}},"50":{"start":{"line":106,"column":6},"end":{"line":106,"column":78}},"51":{"start":{"line":109,"column":4},"end":{"line":114,"column":5}},"52":{"start":{"line":110,"column":6},"end":{"line":113,"column":9}},"53":{"start":{"line":116,"column":20},"end":{"line":119,"column":33}},"54":{"start":{"line":121,"column":4},"end":{"line":123,"column":5}},"55":{"start":{"line":122,"column":6},"end":{"line":122,"column":74}},"56":{"start":{"line":125,"column":4},"end":{"line":125,"column":49}},"57":{"start":{"line":126,"column":4},"end":{"line":126,"column":40}},"58":{"start":{"line":127,"column":4},"end":{"line":127,"column":41}},"59":{"start":{"line":129,"column":4},"end":{"line":129,"column":25}},"60":{"start":{"line":131,"column":4},"end":{"line":133,"column":7}},"61":{"start":{"line":135,"column":4},"end":{"line":135,"column":67}},"62":{"start":{"line":101,"column":13},"end":{"line":101,"column":28}},"63":{"start":{"line":139,"column":35},"end":{"line":182,"column":1}},"64":{"start":{"line":140,"column":2},"end":{"line":181,"column":3}},"65":{"start":{"line":141,"column":33},"end":{"line":141,"column":41}},"66":{"start":{"line":143,"column":4},"end":{"line":147,"column":5}},"67":{"start":{"line":144,"column":6},"end":{"line":146,"column":9}},"68":{"start":{"line":149,"column":20},"end":{"line":149,"column":52}},"69":{"start":{"line":151,"column":4},"end":{"line":156,"column":5}},"70":{"start":{"line":152,"column":6},"end":{"line":155,"column":9}},"71":{"start":{"line":158,"column":24},"end":{"line":158,"column":67}},"72":{"start":{"line":159,"column":4},"end":{"line":161,"column":5}},"73":{"start":{"line":160,"column":6},"end":{"line":160,"column":78}},"74":{"start":{"line":163,"column":18},"end":{"line":163,"column":56}},"75":{"start":{"line":165,"column":4},"end":{"line":165,"column":36}},"76":{"start":{"line":166,"column":4},"end":{"line":166,"column":69}},"77":{"start":{"line":167,"column":4},"end":{"line":167,"column":34}},"78":{"start":{"line":169,"column":4},"end":{"line":169,"column":25}},"79":{"start":{"line":171,"column":17},"end":{"line":171,"column":77}},"80":{"start":{"line":173,"column":4},"end":{"line":173,"column":80}},"81":{"start":{"line":175,"column":4},"end":{"line":178,"column":7}},"82":{"start":{"line":180,"column":4},"end":{"line":180,"column":78}},"83":{"start":{"line":139,"column":13},"end":{"line":139,"column":35}},"84":{"start":{"line":184,"column":28},"end":{"line":214,"column":1}},"85":{"start":{"line":185,"column":2},"end":{"line":213,"column":3}},"86":{"start":{"line":186,"column":22},"end":{"line":186,"column":30}},"87":{"start":{"line":188,"column":4},"end":{"line":190,"column":5}},"88":{"start":{"line":189,"column":6},"end":{"line":189,"column":67}},"89":{"start":{"line":192,"column":20},"end":{"line":195,"column":44}},"90":{"start":{"line":197,"column":4},"end":{"line":199,"column":5}},"91":{"start":{"line":198,"column":6},"end":{"line":198,"column":74}},"92":{"start":{"line":201,"column":4},"end":{"line":201,"column":38}},"93":{"start":{"line":202,"column":4},"end":{"line":202,"column":34}},"94":{"start":{"line":203,"column":4},"end":{"line":203,"column":40}},"95":{"start":{"line":204,"column":4},"end":{"line":204,"column":41}},"96":{"start":{"line":206,"column":4},"end":{"line":206,"column":25}},"97":{"start":{"line":208,"column":4},"end":{"line":210,"column":7}},"98":{"start":{"line":212,"column":4},"end":{"line":212,"column":67}},"99":{"start":{"line":184,"column":13},"end":{"line":184,"column":28}},"100":{"start":{"line":217,"column":27},"end":{"line":261,"column":1}},"101":{"start":{"line":218,"column":2},"end":{"line":260,"column":3}},"102":{"start":{"line":219,"column":29},"end":{"line":219,"column":37}},"103":{"start":{"line":221,"column":4},"end":{"line":225,"column":5}},"104":{"start":{"line":222,"column":6},"end":{"line":224,"column":9}},"105":{"start":{"line":228,"column":4},"end":{"line":233,"column":5}},"106":{"start":{"line":229,"column":6},"end":{"line":232,"column":9}},"107":{"start":{"line":235,"column":20},"end":{"line":238,"column":36}},"108":{"start":{"line":240,"column":4},"end":{"line":244,"column":5}},"109":{"start":{"line":241,"column":6},"end":{"line":243,"column":9}},"110":{"start":{"line":246,"column":4},"end":{"line":246,"column":49}},"111":{"start":{"line":247,"column":4},"end":{"line":247,"column":43}},"112":{"start":{"line":248,"column":4},"end":{"line":248,"column":44}},"113":{"start":{"line":249,"column":4},"end":{"line":249,"column":32}},"114":{"start":{"line":251,"column":4},"end":{"line":251,"column":25}},"115":{"start":{"line":253,"column":4},"end":{"line":255,"column":7}},"116":{"start":{"line":257,"column":4},"end":{"line":259,"column":7}},"117":{"start":{"line":217,"column":13},"end":{"line":217,"column":27}}},"fnMap":{"0":{"name":"(anonymous_1)","decl":{"start":{"line":10,"column":32},"end":{"line":10,"column":37}},"loc":{"start":{"line":10,"column":70},"end":{"line":52,"column":1}}},"1":{"name":"(anonymous_2)","decl":{"start":{"line":54,"column":35},"end":{"line":54,"column":40}},"loc":{"start":{"line":54,"column":73},"end":{"line":99,"column":1}}},"2":{"name":"(anonymous_3)","decl":{"start":{"line":101,"column":28},"end":{"line":101,"column":33}},"loc":{"start":{"line":101,"column":66},"end":{"line":137,"column":1}}},"3":{"name":"(anonymous_4)","decl":{"start":{"line":139,"column":35},"end":{"line":139,"column":40}},"loc":{"start":{"line":139,"column":73},"end":{"line":182,"column":1}}},"4":{"name":"(anonymous_5)","decl":{"start":{"line":184,"column":28},"end":{"line":184,"column":33}},"loc":{"start":{"line":184,"column":66},"end":{"line":214,"column":1}}},"5":{"name":"(anonymous_6)","decl":{"start":{"line":217,"column":27},"end":{"line":217,"column":32}},"loc":{"start":{"line":217,"column":65},"end":{"line":261,"column":1}}}},"branchMap":{"0":{"loc":{"start":{"line":14,"column":4},"end":{"line":16,"column":5}},"type":"if","locations":[{"start":{"line":14,"column":4},"end":{"line":16,"column":5}},{"start":{},"end":{}}]},"1":{"loc":{"start":{"line":20,"column":4},"end":{"line":22,"column":5}},"type":"if","locations":[{"start":{"line":20,"column":4},"end":{"line":22,"column":5}},{"start":{},"end":{}}]},"2":{"loc":{"start":{"line":24,"column":4},"end":{"line":28,"column":5}},"type":"if","locations":[{"start":{"line":24,"column":4},"end":{"line":28,"column":5}},{"start":{},"end":{}}]},"3":{"loc":{"start":{"line":24,"column":8},"end":{"line":24,"column":23}},"type":"binary-expr","locations":[{"start":{"line":24,"column":8},"end":{"line":24,"column":13}},{"start":{"line":24,"column":17},"end":{"line":24,"column":23}}]},"4":{"loc":{"start":{"line":31,"column":4},"end":{"line":33,"column":5}},"type":"if","locations":[{"start":{"line":31,"column":4},"end":{"line":33,"column":5}},{"start":{},"end":{}}]},"5":{"loc":{"start":{"line":58,"column":4},"end":{"line":60,"column":5}},"type":"if","locations":[{"start":{"line":58,"column":4},"end":{"line":60,"column":5}},{"start":{},"end":{}}]},"6":{"loc":{"start":{"line":64,"column":4},"end":{"line":66,"column":5}},"type":"if","locations":[{"start":{"line":64,"column":4},"end":{"line":66,"column":5}},{"start":{},"end":{}}]},"7":{"loc":{"start":{"line":68,"column":4},"end":{"line":70,"column":5}},"type":"if","locations":[{"start":{"line":68,"column":4},"end":{"line":70,"column":5}},{"start":{},"end":{}}]},"8":{"loc":{"start":{"line":74,"column":4},"end":{"line":79,"column":5}},"type":"if","locations":[{"start":{"line":74,"column":4},"end":{"line":79,"column":5}},{"start":{},"end":{}}]},"9":{"loc":{"start":{"line":105,"column":4},"end":{"line":107,"column":5}},"type":"if","locations":[{"start":{"line":105,"column":4},"end":{"line":107,"column":5}},{"start":{},"end":{}}]},"10":{"loc":{"start":{"line":105,"column":8},"end":{"line":105,"column":24}},"type":"binary-expr","locations":[{"start":{"line":105,"column":8},"end":{"line":105,"column":14}},{"start":{"line":105,"column":18},"end":{"line":105,"column":24}}]},"11":{"loc":{"start":{"line":109,"column":4},"end":{"line":114,"column":5}},"type":"if","locations":[{"start":{"line":109,"column":4},"end":{"line":114,"column":5}},{"start":{},"end":{}}]},"12":{"loc":{"start":{"line":121,"column":4},"end":{"line":123,"column":5}},"type":"if","locations":[{"start":{"line":121,"column":4},"end":{"line":123,"column":5}},{"start":{},"end":{}}]},"13":{"loc":{"start":{"line":143,"column":4},"end":{"line":147,"column":5}},"type":"if","locations":[{"start":{"line":143,"column":4},"end":{"line":147,"column":5}},{"start":{},"end":{}}]},"14":{"loc":{"start":{"line":143,"column":8},"end":{"line":143,"column":28}},"type":"binary-expr","locations":[{"start":{"line":143,"column":8},"end":{"line":143,"column":14}},{"start":{"line":143,"column":18},"end":{"line":143,"column":28}}]},"15":{"loc":{"start":{"line":151,"column":4},"end":{"line":156,"column":5}},"type":"if","locations":[{"start":{"line":151,"column":4},"end":{"line":156,"column":5}},{"start":{},"end":{}}]},"16":{"loc":{"start":{"line":159,"column":4},"end":{"line":161,"column":5}},"type":"if","locations":[{"start":{"line":159,"column":4},"end":{"line":161,"column":5}},{"start":{},"end":{}}]},"17":{"loc":{"start":{"line":188,"column":4},"end":{"line":190,"column":5}},"type":"if","locations":[{"start":{"line":188,"column":4},"end":{"line":190,"column":5}},{"start":{},"end":{}}]},"18":{"loc":{"start":{"line":197,"column":4},"end":{"line":199,"column":5}},"type":"if","locations":[{"start":{"line":197,"column":4},"end":{"line":199,"column":5}},{"start":{},"end":{}}]},"19":{"loc":{"start":{"line":197,"column":8},"end":{"line":197,"column":38}},"type":"binary-expr","locations":[{"start":{"line":197,"column":8},"end":{"line":197,"column":16}},{"start":{"line":197,"column":20},"end":{"line":197,"column":38}}]},"20":{"loc":{"start":{"line":221,"column":4},"end":{"line":225,"column":5}},"type":"if","locations":[{"start":{"line":221,"column":4},"end":{"line":225,"column":5}},{"start":{},"end":{}}]},"21":{"loc":{"start":{"line":221,"column":8},"end":{"line":221,"column":24}},"type":"binary-expr","locations":[{"start":{"line":221,"column":8},"end":{"line":221,"column":14}},{"start":{"line":221,"column":18},"end":{"line":221,"column":24}}]},"22":{"loc":{"start":{"line":228,"column":4},"end":{"line":233,"column":5}},"type":"if","locations":[{"start":{"line":228,"column":4},"end":{"line":233,"column":5}},{"start":{},"end":{}}]},"23":{"loc":{"start":{"line":240,"column":4},"end":{"line":244,"column":5}},"type":"if","locations":[{"start":{"line":240,"column":4},"end":{"line":244,"column":5}},{"start":{},"end":{}}]}},"s":{"0":1,"1":1,"2":1,"3":1,"4":1,"5":1,"6":1,"7":4,"8":4,"9":4,"10":1,"11":3,"12":3,"13":1,"14":2,"15":0,"16":2,"17":2,"18":1,"19":1,"20":1,"21":1,"22":0,"23":1,"24":1,"25":4,"26":4,"27":4,"28":1,"29":3,"30":3,"31":1,"32":2,"33":0,"34":2,"35":2,"36":1,"37":1,"38":1,"39":1,"40":1,"41":1,"42":1,"43":1,"44":0,"45":1,"46":1,"47":3,"48":3,"49":3,"50":1,"51":2,"52":1,"53":1,"54":1,"55":0,"56":1,"57":1,"58":1,"59":1,"60":1,"61":0,"62":1,"63":1,"64":3,"65":3,"66":3,"67":1,"68":2,"69":2,"70":0,"71":2,"72":2,"73":1,"74":1,"75":1,"76":1,"77":1,"78":1,"79":1,"80":1,"81":1,"82":0,"83":1,"84":1,"85":3,"86":3,"87":3,"88":1,"89":2,"90":2,"91":1,"92":1,"93":1,"94":1,"95":1,"96":1,"97":1,"98":0,"99":1,"100":1,"101":3,"102":3,"103":3,"104":1,"105":2,"106":1,"107":1,"108":1,"109":0,"110":1,"111":1,"112":1,"113":1,"114":1,"115":1,"116":0,"117":1},"f":{"0":4,"1":4,"2":3,"3":3,"4":3,"5":3},"b":{"0":[1,3],"1":[1,2],"2":[0,2],"3":[2,2],"4":[1,1],"5":[1,3],"6":[1,2],"7":[0,2],"8":[1,1],"9":[1,2],"10":[3,2],"11":[1,1],"12":[0,1],"13":[1,2],"14":[3,3],"15":[0,2],"16":[1,1],"17":[1,2],"18":[1,1],"19":[2,1],"20":[1,2],"21":[3,2],"22":[1,1],"23":[0,1]}}
,"C:\\Users\\Ferreira\\Desktop\\jabuTI\\back\\middlewares\\adminOnly.ts": {"path":"C:\\Users\\Ferreira\\Desktop\\jabuTI\\back\\middlewares\\adminOnly.ts","statementMap":{"0":{"start":{"line":4,"column":25},"end":{"line":18,"column":1}},"1":{"start":{"line":9,"column":2},"end":{"line":11,"column":3}},"2":{"start":{"line":10,"column":4},"end":{"line":10,"column":69}},"3":{"start":{"line":13,"column":2},"end":{"line":15,"column":3}},"4":{"start":{"line":14,"column":4},"end":{"line":14,"column":79}},"5":{"start":{"line":17,"column":2},"end":{"line":17,"column":16}},"6":{"start":{"line":4,"column":13},"end":{"line":4,"column":25}}},"fnMap":{"0":{"name":"(anonymous_0)","decl":{"start":{"line":4,"column":25},"end":{"line":4,"column":null}},"loc":{"start":{"line":8,"column":4},"end":{"line":18,"column":1}}}},"branchMap":{"0":{"loc":{"start":{"line":9,"column":2},"end":{"line":11,"column":3}},"type":"if","locations":[{"start":{"line":9,"column":2},"end":{"line":11,"column":3}},{"start":{},"end":{}}]},"1":{"loc":{"start":{"line":13,"column":2},"end":{"line":15,"column":3}},"type":"if","locations":[{"start":{"line":13,"column":2},"end":{"line":15,"column":3}},{"start":{},"end":{}}]}},"s":{"0":1,"1":3,"2":1,"3":2,"4":1,"5":1,"6":1},"f":{"0":3},"b":{"0":[1,2],"1":[1,1]}}
,"C:\\Users\\Ferreira\\Desktop\\jabuTI\\back\\middlewares\\auth.ts": {"path":"C:\\Users\\Ferreira\\Desktop\\jabuTI\\back\\middlewares\\auth.ts","statementMap":{"0":{"start":{"line":2,"column":0},"end":{"line":2,"column":73}},"1":{"start":{"line":4,"column":0},"end":{"line":4,"column":47}},"2":{"start":{"line":6,"column":20},"end":{"line":61,"column":1}},"3":{"start":{"line":11,"column":21},"end":{"line":11,"column":46}},"4":{"start":{"line":13,"column":2},"end":{"line":15,"column":3}},"5":{"start":{"line":14,"column":4},"end":{"line":14,"column":65}},"6":{"start":{"line":17,"column":26},"end":{"line":17,"column":47}},"7":{"start":{"line":19,"column":2},"end":{"line":21,"column":3}},"8":{"start":{"line":20,"column":4},"end":{"line":20,"column":65}},"9":{"start":{"line":23,"column":2},"end":{"line":25,"column":3}},"10":{"start":{"line":24,"column":4},"end":{"line":24,"column":72}},"11":{"start":{"line":27,"column":2},"end":{"line":60,"column":3}},"12":{"start":{"line":28,"column":20},"end":{"line":31,"column":25}},"13":{"start":{"line":33,"column":4},"end":{"line":35,"column":5}},"14":{"start":{"line":34,"column":6},"end":{"line":34,"column":62}},"15":{"start":{"line":37,"column":20},"end":{"line":37,"column":54}},"16":{"start":{"line":39,"column":4},"end":{"line":41,"column":5}},"17":{"start":{"line":40,"column":6},"end":{"line":40,"column":71}},"18":{"start":{"line":43,"column":4},"end":{"line":46,"column":6}},"19":{"start":{"line":48,"column":4},"end":{"line":48,"column":18}},"20":{"start":{"line":50,"column":4},"end":{"line":52,"column":5}},"21":{"start":{"line":51,"column":6},"end":{"line":51,"column":62}},"22":{"start":{"line":54,"column":4},"end":{"line":56,"column":5}},"23":{"start":{"line":55,"column":6},"end":{"line":55,"column":62}},"24":{"start":{"line":58,"column":4},"end":{"line":58,"column":40}},"25":{"start":{"line":59,"column":4},"end":{"line":59,"column":67}},"26":{"start":{"line":6,"column":13},"end":{"line":6,"column":20}}},"fnMap":{"0":{"name":"(anonymous_10)","decl":{"start":{"line":6,"column":20},"end":{"line":6,"column":25}},"loc":{"start":{"line":10,"column":4},"end":{"line":61,"column":1}}}},"branchMap":{"0":{"loc":{"start":{"line":13,"column":2},"end":{"line":15,"column":3}},"type":"if","locations":[{"start":{"line":13,"column":2},"end":{"line":15,"column":3}},{"start":{},"end":{}}]},"1":{"loc":{"start":{"line":13,"column":6},"end":{"line":13,"column":39}},"type":"binary-expr","locations":[{"start":{"line":13,"column":6},"end":{"line":13,"column":17}},{"start":{"line":13,"column":21},"end":{"line":13,"column":39}}]},"2":{"loc":{"start":{"line":19,"column":2},"end":{"line":21,"column":3}},"type":"if","locations":[{"start":{"line":19,"column":2},"end":{"line":21,"column":3}},{"start":{},"end":{}}]},"3":{"loc":{"start":{"line":19,"column":6},"end":{"line":19,"column":41}},"type":"binary-expr","locations":[{"start":{"line":19,"column":6},"end":{"line":19,"column":31}},{"start":{"line":19,"column":35},"end":{"line":19,"column":41}}]},"4":{"loc":{"start":{"line":23,"column":2},"end":{"line":25,"column":3}},"type":"if","locations":[{"start":{"line":23,"column":2},"end":{"line":25,"column":3}},{"start":{},"end":{}}]},"5":{"loc":{"start":{"line":33,"column":4},"end":{"line":35,"column":5}},"type":"if","locations":[{"start":{"line":33,"column":4},"end":{"line":35,"column":5}},{"start":{},"end":{}}]},"6":{"loc":{"start":{"line":39,"column":4},"end":{"line":41,"column":5}},"type":"if","locations":[{"start":{"line":39,"column":4},"end":{"line":41,"column":5}},{"start":{},"end":{}}]},"7":{"loc":{"start":{"line":50,"column":4},"end":{"line":52,"column":5}},"type":"if","locations":[{"start":{"line":50,"column":4},"end":{"line":52,"column":5}},{"start":{},"end":{}}]},"8":{"loc":{"start":{"line":54,"column":4},"end":{"line":56,"column":5}},"type":"if","locations":[{"start":{"line":54,"column":4},"end":{"line":56,"column":5}},{"start":{},"end":{}}]}},"s":{"0":1,"1":1,"2":1,"3":7,"4":7,"5":1,"6":6,"7":6,"8":1,"9":5,"10":1,"11":4,"12":4,"13":2,"14":0,"15":2,"16":2,"17":1,"18":1,"19":1,"20":2,"21":1,"22":1,"23":1,"24":0,"25":0,"26":1},"f":{"0":7},"b":{"0":[1,6],"1":[7,6],"2":[1,5],"3":[6,5],"4":[1,4],"5":[0,2],"6":[1,1],"7":[1,1],"8":[1,0]}}
,"C:\\Users\\Ferreira\\Desktop\\jabuTI\\back\\models\\usuarios.model.ts": {"path":"C:\\Users\\Ferreira\\Desktop\\jabuTI\\back\\models\\usuarios.model.ts","statementMap":{"0":{"start":{"line":1,"column":0},"end":{"line":1,"column":51}},"1":{"start":{"line":34,"column":22},"end":{"line":149,"column":null}},"2":{"start":{"line":152,"column":0},"end":{"line":152,"column":57}}},"fnMap":{},"branchMap":{},"s":{"0":2,"1":2,"2":2},"f":{},"b":{}}
,"C:\\Users\\Ferreira\\Desktop\\jabuTI\\back\\routes\\cadastro.routes.ts": {"path":"C:\\Users\\Ferreira\\Desktop\\jabuTI\\back\\routes\\cadastro.routes.ts","statementMap":{"0":{"start":{"line":1,"column":0},"end":{"line":1,"column":33}},"1":{"start":{"line":2,"column":0},"end":{"line":2,"column":null}},"2":{"start":{"line":11,"column":15},"end":{"line":11,"column":23}},"3":{"start":{"line":13,"column":0},"end":{"line":13,"column":44}},"4":{"start":{"line":15,"column":0},"end":{"line":15,"column":49}},"5":{"start":{"line":17,"column":0},"end":{"line":17,"column":59}},"6":{"start":{"line":18,"column":0},"end":{"line":18,"column":44}},"7":{"start":{"line":20,"column":0},"end":{"line":20,"column":59}},"8":{"start":{"line":21,"column":0},"end":{"line":21,"column":44}},"9":{"start":{"line":23,"column":0},"end":{"line":23,"column":22}}},"fnMap":{},"branchMap":{},"s":{"0":1,"1":1,"2":1,"3":1,"4":1,"5":1,"6":1,"7":1,"8":1,"9":1},"f":{},"b":{}}
,"C:\\Users\\Ferreira\\Desktop\\jabuTI\\back\\utils\\email.ts": {"path":"C:\\Users\\Ferreira\\Desktop\\jabuTI\\back\\utils\\email.ts","statementMap":{"0":{"start":{"line":1,"column":0},"end":{"line":1,"column":36}},"1":{"start":{"line":3,"column":13},"end":{"line":11,"column":3}}},"fnMap":{},"branchMap":{},"s":{"0":2,"1":2},"f":{},"b":{}}
,"C:\\Users\\Ferreira\\Desktop\\jabuTI\\back\\utils\\emailService.ts": {"path":"C:\\Users\\Ferreira\\Desktop\\jabuTI\\back\\utils\\emailService.ts","statementMap":{"0":{"start":{"line":1,"column":0},"end":{"line":1,"column":38}},"1":{"start":{"line":2,"column":0},"end":{"line":2,"column":50}},"2":{"start":{"line":9,"column":18},"end":{"line":19,"column":1}},"3":{"start":{"line":13,"column":2},"end":{"line":18,"column":5}},"4":{"start":{"line":28,"column":13},"end":{"line":78,"column":2}},"5":{"start":{"line":30,"column":21},"end":{"line":30,"column":58}},"6":{"start":{"line":31,"column":4},"end":{"line":31,"column":34}},"7":{"start":{"line":35,"column":21},"end":{"line":35,"column":59}},"8":{"start":{"line":36,"column":4},"end":{"line":36,"column":34}},"9":{"start":{"line":40,"column":21},"end":{"line":40,"column":50}},"10":{"start":{"line":41,"column":4},"end":{"line":41,"column":34}},"11":{"start":{"line":45,"column":21},"end":{"line":45,"column":61}},"12":{"start":{"line":46,"column":4},"end":{"line":46,"column":37}},"13":{"start":{"line":50,"column":21},"end":{"line":50,"column":58}},"14":{"start":{"line":51,"column":4},"end":{"line":51,"column":34}},"15":{"start":{"line":60,"column":21},"end":{"line":60,"column":69}},"16":{"start":{"line":61,"column":4},"end":{"line":61,"column":34}},"17":{"start":{"line":65,"column":21},"end":{"line":65,"column":51}},"18":{"start":{"line":66,"column":4},"end":{"line":66,"column":34}},"19":{"start":{"line":70,"column":21},"end":{"line":70,"column":56}},"20":{"start":{"line":71,"column":4},"end":{"line":71,"column":34}},"21":{"start":{"line":75,"column":21},"end":{"line":75,"column":59}},"22":{"start":{"line":76,"column":4},"end":{"line":76,"column":34}}},"fnMap":{"0":{"name":"(anonymous_0)","decl":{"start":{"line":9,"column":18},"end":{"line":9,"column":23}},"loc":{"start":{"line":12,"column":4},"end":{"line":19,"column":1}}},"1":{"name":"(anonymous_1)","decl":{"start":{"line":29,"column":20},"end":{"line":29,"column":25}},"loc":{"start":{"line":29,"column":55},"end":{"line":32,"column":3}}},"2":{"name":"(anonymous_2)","decl":{"start":{"line":34,"column":13},"end":{"line":34,"column":18}},"loc":{"start":{"line":34,"column":64},"end":{"line":37,"column":3}}},"3":{"name":"(anonymous_3)","decl":{"start":{"line":39,"column":12},"end":{"line":39,"column":17}},"loc":{"start":{"line":39,"column":47},"end":{"line":42,"column":3}}},"4":{"name":"(anonymous_4)","decl":{"start":{"line":44,"column":23},"end":{"line":44,"column":28}},"loc":{"start":{"line":44,"column":75},"end":{"line":47,"column":3}}},"5":{"name":"(anonymous_5)","decl":{"start":{"line":49,"column":14},"end":{"line":49,"column":19}},"loc":{"start":{"line":49,"column":63},"end":{"line":52,"column":3}}},"6":{"name":"(anonymous_6)","decl":{"start":{"line":54,"column":14},"end":{"line":54,"column":19}},"loc":{"start":{"line":59,"column":6},"end":{"line":62,"column":3}}},"7":{"name":"(anonymous_7)","decl":{"start":{"line":64,"column":13},"end":{"line":64,"column":18}},"loc":{"start":{"line":64,"column":48},"end":{"line":67,"column":3}}},"8":{"name":"(anonymous_8)","decl":{"start":{"line":69,"column":18},"end":{"line":69,"column":23}},"loc":{"start":{"line":69,"column":53},"end":{"line":72,"column":3}}},"9":{"name":"(anonymous_9)","decl":{"start":{"line":74,"column":21},"end":{"line":74,"column":26}},"loc":{"start":{"line":74,"column":56},"end":{"line":77,"column":3}}}},"branchMap":{},"s":{"0":2,"1":2,"2":2,"3":9,"4":2,"5":1,"6":1,"7":1,"8":1,"9":1,"10":1,"11":1,"12":1,"13":1,"14":1,"15":1,"16":1,"17":1,"18":1,"19":1,"20":1,"21":1,"22":1},"f":{"0":9,"1":1,"2":1,"3":1,"4":1,"5":1,"6":1,"7":1,"8":1,"9":1},"b":{}}
,"C:\\Users\\Ferreira\\Desktop\\jabuTI\\back\\utils\\emailTemplates.ts": {"path":"C:\\Users\\Ferreira\\Desktop\\jabuTI\\back\\utils\\emailTemplates.ts","statementMap":{"0":{"start":{"line":1,"column":13},"end":{"line":152,"column":2}},"1":{"start":{"line":2,"column":39},"end":{"line":17,"column":4}},"2":{"start":{"line":19,"column":48},"end":{"line":32,"column":4}},"3":{"start":{"line":34,"column":31},"end":{"line":45,"column":4}},"4":{"start":{"line":47,"column":50},"end":{"line":67,"column":4}},"5":{"start":{"line":69,"column":32},"end":{"line":80,"column":4}},"6":{"start":{"line":82,"column":37},"end":{"line":93,"column":4}},"7":{"start":{"line":95,"column":40},"end":{"line":107,"column":4}},"8":{"start":{"line":110,"column":47},"end":{"line":129,"column":4}},"9":{"start":{"line":131,"column":66},"end":{"line":151,"column":4}}},"fnMap":{"0":{"name":"(anonymous_0)","decl":{"start":{"line":2,"column":20},"end":{"line":2,"column":21}},"loc":{"start":{"line":2,"column":39},"end":{"line":17,"column":4}}},"1":{"name":"(anonymous_1)","decl":{"start":{"line":19,"column":13},"end":{"line":19,"column":14}},"loc":{"start":{"line":19,"column":48},"end":{"line":32,"column":4}}},"2":{"name":"(anonymous_2)","decl":{"start":{"line":34,"column":12},"end":{"line":34,"column":13}},"loc":{"start":{"line":34,"column":31},"end":{"line":45,"column":4}}},"3":{"name":"(anonymous_3)","decl":{"start":{"line":47,"column":17},"end":{"line":47,"column":18}},"loc":{"start":{"line":47,"column":50},"end":{"line":67,"column":4}}},"4":{"name":"(anonymous_4)","decl":{"start":{"line":69,"column":13},"end":{"line":69,"column":14}},"loc":{"start":{"line":69,"column":32},"end":{"line":80,"column":4}}},"5":{"name":"(anonymous_5)","decl":{"start":{"line":82,"column":18},"end":{"line":82,"column":19}},"loc":{"start":{"line":82,"column":37},"end":{"line":93,"column":4}}},"6":{"name":"(anonymous_6)","decl":{"start":{"line":95,"column":21},"end":{"line":95,"column":22}},"loc":{"start":{"line":95,"column":40},"end":{"line":107,"column":4}}},"7":{"name":"(anonymous_7)","decl":{"start":{"line":110,"column":14},"end":{"line":110,"column":15}},"loc":{"start":{"line":110,"column":47},"end":{"line":129,"column":4}}},"8":{"name":"(anonymous_8)","decl":{"start":{"line":131,"column":14},"end":{"line":131,"column":15}},"loc":{"start":{"line":131,"column":66},"end":{"line":151,"column":4}}}},"branchMap":{},"s":{"0":3,"1":1,"2":1,"3":1,"4":1,"5":1,"6":1,"7":1,"8":1,"9":1},"f":{"0":1,"1":1,"2":1,"3":1,"4":1,"5":1,"6":1,"7":1,"8":1},"b":{}}
,"C:\\Users\\Ferreira\\Desktop\\jabuTI\\back\\utils\\senha.ts": {"path":"C:\\Users\\Ferreira\\Desktop\\jabuTI\\back\\utils\\senha.ts","statementMap":{"0":{"start":{"line":1,"column":0},"end":{"line":1,"column":16}},"1":{"start":{"line":3,"column":16},"end":{"line":3,"column":62}},"2":{"start":{"line":4,"column":2},"end":{"line":4,"column":27}}},"fnMap":{"0":{"name":"validarSenhaForte","decl":{"start":{"line":1,"column":16},"end":{"line":1,"column":33}},"loc":{"start":{"line":1,"column":47},"end":{"line":5,"column":1}}}},"branchMap":{},"s":{"0":2,"1":5,"2":5},"f":{"0":5},"b":{}}
}
