TN:
SF:controllers\cadastro.controller.ts
FN:10,(anonymous_1)
FN:54,(anonymous_2)
FN:101,(anonymous_3)
FN:139,(anonymous_4)
FN:184,(anonymous_5)
FN:217,(anonymous_6)
FNF:6
FNH:6
FNDA:4,(anonymous_1)
FNDA:4,(anonymous_2)
FNDA:3,(anonymous_3)
FNDA:3,(anonymous_4)
FNDA:3,(anonymous_5)
FNDA:3,(anonymous_6)
DA:2,1
DA:3,1
DA:5,1
DA:6,1
DA:7,1
DA:8,1
DA:10,1
DA:11,4
DA:12,4
DA:14,4
DA:15,1
DA:18,3
DA:20,3
DA:21,1
DA:24,2
DA:25,0
DA:30,2
DA:31,2
DA:32,1
DA:35,1
DA:44,1
DA:46,1
DA:50,0
DA:54,1
DA:55,4
DA:56,4
DA:58,4
DA:59,1
DA:62,3
DA:64,3
DA:65,1
DA:68,2
DA:69,0
DA:72,2
DA:74,2
DA:75,1
DA:81,1
DA:83,1
DA:84,1
DA:86,1
DA:88,1
DA:90,1
DA:92,1
DA:97,0
DA:101,1
DA:102,3
DA:103,3
DA:105,3
DA:106,1
DA:109,2
DA:110,1
DA:116,1
DA:121,1
DA:122,0
DA:125,1
DA:126,1
DA:127,1
DA:129,1
DA:131,1
DA:135,0
DA:139,1
DA:140,3
DA:141,3
DA:143,3
DA:144,1
DA:149,2
DA:151,2
DA:152,0
DA:158,2
DA:159,2
DA:160,1
DA:163,1
DA:165,1
DA:166,1
DA:167,1
DA:169,1
DA:171,1
DA:173,1
DA:175,1
DA:180,0
DA:184,1
DA:185,3
DA:186,3
DA:188,3
DA:189,1
DA:192,2
DA:197,2
DA:198,1
DA:201,1
DA:202,1
DA:203,1
DA:204,1
DA:206,1
DA:208,1
DA:212,0
DA:217,1
DA:218,3
DA:219,3
DA:221,3
DA:222,1
DA:228,2
DA:229,1
DA:235,1
DA:240,1
DA:241,0
DA:246,1
DA:247,1
DA:248,1
DA:249,1
DA:251,1
DA:253,1
DA:257,0
LF:112
LH:101
BRDA:14,0,0,1
BRDA:14,0,1,3
BRDA:20,1,0,1
BRDA:20,1,1,2
BRDA:24,2,0,0
BRDA:24,2,1,2
BRDA:24,3,0,2
BRDA:24,3,1,2
BRDA:31,4,0,1
BRDA:31,4,1,1
BRDA:58,5,0,1
BRDA:58,5,1,3
BRDA:64,6,0,1
BRDA:64,6,1,2
BRDA:68,7,0,0
BRDA:68,7,1,2
BRDA:74,8,0,1
BRDA:74,8,1,1
BRDA:105,9,0,1
BRDA:105,9,1,2
BRDA:105,10,0,3
BRDA:105,10,1,2
BRDA:109,11,0,1
BRDA:109,11,1,1
BRDA:121,12,0,0
BRDA:121,12,1,1
BRDA:143,13,0,1
BRDA:143,13,1,2
BRDA:143,14,0,3
BRDA:143,14,1,3
BRDA:151,15,0,0
BRDA:151,15,1,2
BRDA:159,16,0,1
BRDA:159,16,1,1
BRDA:188,17,0,1
BRDA:188,17,1,2
BRDA:197,18,0,1
BRDA:197,18,1,1
BRDA:197,19,0,2
BRDA:197,19,1,1
BRDA:221,20,0,1
BRDA:221,20,1,2
BRDA:221,21,0,3
BRDA:221,21,1,2
BRDA:228,22,0,1
BRDA:228,22,1,1
BRDA:240,23,0,0
BRDA:240,23,1,1
BRF:48
BRH:43
end_of_record
TN:
SF:middlewares\adminOnly.ts
FN:4,(anonymous_0)
FNF:1
FNH:1
FNDA:3,(anonymous_0)
DA:4,1
DA:9,3
DA:10,1
DA:13,2
DA:14,1
DA:17,1
LF:6
LH:6
BRDA:9,0,0,1
BRDA:9,0,1,2
BRDA:13,1,0,1
BRDA:13,1,1,1
BRF:4
BRH:4
end_of_record
TN:
SF:middlewares\auth.ts
FN:6,(anonymous_10)
FNF:1
FNH:1
FNDA:7,(anonymous_10)
DA:2,1
DA:4,1
DA:6,1
DA:11,7
DA:13,7
DA:14,1
DA:17,6
DA:19,6
DA:20,1
DA:23,5
DA:24,1
DA:27,4
DA:28,4
DA:33,2
DA:34,0
DA:37,2
DA:39,2
DA:40,1
DA:43,1
DA:48,1
DA:50,2
DA:51,1
DA:54,1
DA:55,1
DA:58,0
DA:59,0
LF:26
LH:23
BRDA:13,0,0,1
BRDA:13,0,1,6
BRDA:13,1,0,7
BRDA:13,1,1,6
BRDA:19,2,0,1
BRDA:19,2,1,5
BRDA:19,3,0,6
BRDA:19,3,1,5
BRDA:23,4,0,1
BRDA:23,4,1,4
BRDA:33,5,0,0
BRDA:33,5,1,2
BRDA:39,6,0,1
BRDA:39,6,1,1
BRDA:50,7,0,1
BRDA:50,7,1,1
BRDA:54,8,0,1
BRDA:54,8,1,0
BRF:18
BRH:16
end_of_record
TN:
SF:models\usuarios.model.ts
FNF:0
FNH:0
DA:1,2
DA:34,2
DA:152,2
LF:3
LH:3
BRF:0
BRH:0
end_of_record
TN:
SF:routes\cadastro.routes.ts
FNF:0
FNH:0
DA:1,1
DA:2,1
DA:11,1
DA:13,1
DA:15,1
DA:17,1
DA:18,1
DA:20,1
DA:21,1
DA:23,1
LF:10
LH:10
BRF:0
BRH:0
end_of_record
TN:
SF:utils\email.ts
FNF:0
FNH:0
DA:1,2
DA:3,2
LF:2
LH:2
BRF:0
BRH:0
end_of_record
TN:
SF:utils\emailService.ts
FN:9,(anonymous_0)
FN:29,(anonymous_1)
FN:34,(anonymous_2)
FN:39,(anonymous_3)
FN:44,(anonymous_4)
FN:49,(anonymous_5)
FN:54,(anonymous_6)
FN:64,(anonymous_7)
FN:69,(anonymous_8)
FN:74,(anonymous_9)
FNF:10
FNH:10
FNDA:9,(anonymous_0)
FNDA:1,(anonymous_1)
FNDA:1,(anonymous_2)
FNDA:1,(anonymous_3)
FNDA:1,(anonymous_4)
FNDA:1,(anonymous_5)
FNDA:1,(anonymous_6)
FNDA:1,(anonymous_7)
FNDA:1,(anonymous_8)
FNDA:1,(anonymous_9)
DA:1,2
DA:2,2
DA:9,2
DA:13,9
DA:28,2
DA:30,1
DA:31,1
DA:35,1
DA:36,1
DA:40,1
DA:41,1
DA:45,1
DA:46,1
DA:50,1
DA:51,1
DA:60,1
DA:61,1
DA:65,1
DA:66,1
DA:70,1
DA:71,1
DA:75,1
DA:76,1
LF:23
LH:23
BRF:0
BRH:0
end_of_record
TN:
SF:utils\emailTemplates.ts
FN:2,(anonymous_0)
FN:19,(anonymous_1)
FN:34,(anonymous_2)
FN:47,(anonymous_3)
FN:69,(anonymous_4)
FN:82,(anonymous_5)
FN:95,(anonymous_6)
FN:110,(anonymous_7)
FN:131,(anonymous_8)
FNF:9
FNH:9
FNDA:1,(anonymous_0)
FNDA:1,(anonymous_1)
FNDA:1,(anonymous_2)
FNDA:1,(anonymous_3)
FNDA:1,(anonymous_4)
FNDA:1,(anonymous_5)
FNDA:1,(anonymous_6)
FNDA:1,(anonymous_7)
FNDA:1,(anonymous_8)
DA:1,3
DA:2,1
DA:19,1
DA:34,1
DA:47,1
DA:69,1
DA:82,1
DA:95,1
DA:110,1
DA:131,1
LF:10
LH:10
BRF:0
BRH:0
end_of_record
TN:
SF:utils\senha.ts
FN:1,validarSenhaForte
FNF:1
FNH:1
FNDA:5,validarSenhaForte
DA:1,2
DA:3,5
DA:4,5
LF:3
LH:3
BRF:0
BRH:0
end_of_record
