TN:
SF:config\cloudinary.ts
FNF:0
FNH:0
DA:1,1
DA:3,1
DA:9,1
LF:3
LH:3
BRF:0
BRH:0
end_of_record
TN:
SF:controllers\admin.controller.ts
FN:19,(anonymous_1)
FN:28,(anonymous_2)
FN:44,(anonymous_3)
FN:124,(anonymous_4)
FN:148,(anonymous_5)
FN:161,(anonymous_6)
FN:189,(anonymous_7)
FN:243,(anonymous_8)
FN:267,(anonymous_9)
FN:291,(anonymous_10)
FN:316,(anonymous_11)
FNF:11
FNH:10
FNDA:2,(anonymous_1)
FNDA:3,(anonymous_2)
FNDA:4,(anonymous_3)
FNDA:3,(anonymous_4)
FNDA:3,(anonymous_5)
FNDA:0,(anonymous_6)
FNDA:5,(anonymous_7)
FNDA:3,(anonymous_8)
FNDA:3,(anonymous_9)
FNDA:3,(anonymous_10)
FNDA:4,(anonymous_11)
DA:2,1
DA:4,1
DA:7,1
DA:8,1
DA:9,1
DA:11,1
DA:16,1
DA:19,1
DA:20,2
DA:21,2
DA:22,1
DA:24,1
DA:28,1
DA:29,3
DA:30,3
DA:32,3
DA:34,2
DA:35,1
DA:38,1
DA:40,1
DA:44,1
DA:45,4
DA:46,4
DA:48,4
DA:49,1
DA:54,3
DA:55,3
DA:56,1
DA:59,2
DA:62,2
DA:64,0
DA:66,0
DA:80,0
DA:82,0
DA:88,0
DA:99,2
DA:108,1
DA:118,1
DA:119,1
DA:124,1
DA:125,3
DA:126,3
DA:127,3
DA:129,3
DA:130,3
DA:131,3
DA:132,3
DA:134,3
DA:138,2
DA:139,1
DA:142,1
DA:144,1
DA:148,1
DA:149,3
DA:150,3
DA:152,3
DA:153,2
DA:154,1
DA:158,1
DA:159,0
DA:160,0
DA:161,0
DA:162,0
DA:163,0
DA:164,0
DA:165,0
DA:167,0
DA:168,0
DA:170,0
DA:175,1
DA:178,1
DA:180,1
DA:184,1
DA:185,1
DA:189,1
DA:190,5
DA:191,5
DA:193,5
DA:196,4
DA:197,1
DA:200,3
DA:201,1
DA:206,2
DA:211,1
DA:216,1
DA:218,1
DA:219,1
DA:220,1
DA:222,1
DA:224,1
DA:226,1
DA:232,1
DA:236,1
DA:243,1
DA:244,3
DA:245,3
DA:247,3
DA:253,2
DA:254,1
DA:257,1
DA:259,1
DA:263,1
DA:267,1
DA:268,3
DA:269,3
DA:271,3
DA:277,2
DA:278,1
DA:281,1
DA:283,1
DA:287,1
DA:291,1
DA:292,3
DA:293,3
DA:295,3
DA:301,2
DA:302,1
DA:305,1
DA:307,1
DA:311,1
DA:316,1
DA:320,4
DA:321,4
DA:323,3
DA:324,1
DA:329,2
DA:333,2
DA:334,2
DA:336,2
DA:338,2
DA:340,2
DA:345,1
DA:346,1
DA:349,1
DA:351,1
DA:352,1
DA:353,1
DA:357,1
DA:360,1
DA:362,1
DA:370,1
DA:373,2
DA:375,2
DA:382,1
DA:383,1
LF:145
LH:130
BRDA:34,0,0,1
BRDA:34,0,1,1
BRDA:46,1,0,4
BRDA:48,2,0,1
BRDA:48,2,1,3
BRDA:48,3,0,4
BRDA:48,3,1,4
BRDA:55,4,0,1
BRDA:55,4,1,2
BRDA:62,5,0,0
BRDA:62,5,1,2
BRDA:138,6,0,1
BRDA:138,6,1,1
BRDA:153,7,0,1
BRDA:153,7,1,1
BRDA:158,8,0,0
BRDA:158,8,1,1
BRDA:196,9,0,1
BRDA:196,9,1,3
BRDA:200,10,0,1
BRDA:200,10,1,2
BRDA:206,11,0,1
BRDA:206,11,1,1
BRDA:207,12,0,2
BRDA:207,12,1,1
BRDA:207,12,2,1
BRDA:253,13,0,1
BRDA:253,13,1,1
BRDA:277,14,0,1
BRDA:277,14,1,1
BRDA:301,15,0,1
BRDA:301,15,1,1
BRDA:323,16,0,1
BRDA:323,16,1,2
BRDA:340,17,0,1
BRDA:340,17,1,1
BRDA:341,18,0,2
BRDA:341,18,1,1
BRDA:341,18,2,1
BRF:39
BRH:37
end_of_record
TN:
SF:controllers\analiticos.controller.ts
FN:5,(anonymous_1)
FN:58,(anonymous_2)
FN:67,(anonymous_3)
FN:74,(anonymous_4)
FN:81,(anonymous_5)
FN:82,(anonymous_6)
FN:86,(anonymous_7)
FN:90,(anonymous_8)
FN:111,(anonymous_9)
FN:177,(anonymous_10)
FN:211,(anonymous_11)
FN:215,(anonymous_12)
FN:231,(anonymous_13)
FN:241,(anonymous_14)
FNF:14
FNH:10
FNDA:7,(anonymous_1)
FNDA:0,(anonymous_2)
FNDA:0,(anonymous_3)
FNDA:3,(anonymous_4)
FNDA:3,(anonymous_5)
FNDA:3,(anonymous_6)
FNDA:3,(anonymous_7)
FNDA:3,(anonymous_8)
FNDA:6,(anonymous_9)
FNDA:0,(anonymous_10)
FNDA:2,(anonymous_11)
FNDA:3,(anonymous_12)
FNDA:1,(anonymous_13)
FNDA:0,(anonymous_14)
DA:2,1
DA:3,1
DA:5,1
DA:6,7
DA:8,7
DA:12,7
DA:16,7
DA:20,7
DA:22,7
DA:27,1
DA:30,6
DA:31,1
DA:34,5
DA:35,4
DA:37,3
DA:38,3
DA:39,1
DA:41,2
DA:42,2
DA:43,1
DA:45,1
DA:48,1
DA:49,0
DA:53,0
DA:58,0
DA:59,0
DA:60,0
DA:65,1
DA:66,0
DA:67,0
DA:71,1
DA:73,1
DA:74,3
DA:78,1
DA:80,1
DA:81,3
DA:82,3
DA:85,1
DA:86,3
DA:89,1
DA:90,3
DA:93,1
DA:106,1
DA:107,1
DA:111,1
DA:112,6
DA:114,6
DA:118,6
DA:122,6
DA:126,6
DA:129,6
DA:135,6
DA:140,1
DA:143,5
DA:144,0
DA:147,5
DA:148,4
DA:150,3
DA:151,3
DA:152,1
DA:155,2
DA:156,1
DA:159,1
DA:160,1
DA:161,0
DA:164,1
DA:168,1
DA:169,0
DA:173,0
DA:177,0
DA:178,0
DA:179,0
DA:180,0
DA:184,1
DA:186,1
DA:188,3
DA:189,3
DA:191,3
DA:192,2
DA:200,3
DA:202,3
DA:203,2
DA:206,3
DA:207,3
DA:211,1
DA:214,2
DA:215,3
DA:218,2
DA:231,1
DA:232,1
DA:233,1
DA:236,0
DA:239,1
DA:240,0
DA:241,0
DA:245,1
DA:248,1
DA:249,1
LF:98
LH:80
BRDA:8,0,0,0
BRDA:8,0,1,7
BRDA:12,1,0,0
BRDA:12,1,1,7
BRDA:16,2,0,0
BRDA:16,2,1,7
BRDA:22,3,0,1
BRDA:22,3,1,6
BRDA:23,4,0,7
BRDA:23,4,1,6
BRDA:23,4,2,6
BRDA:30,5,0,1
BRDA:30,5,1,5
BRDA:30,6,0,6
BRDA:30,6,1,1
BRDA:35,7,0,1
BRDA:35,7,1,3
BRDA:38,8,0,1
BRDA:38,8,1,2
BRDA:38,9,0,3
BRDA:38,9,1,2
BRDA:42,10,0,1
BRDA:42,10,1,1
BRDA:45,11,0,1
BRDA:45,11,1,0
BRDA:48,12,0,0
BRDA:48,12,1,1
BRDA:48,13,0,1
BRDA:48,13,1,1
BRDA:49,14,0,0
BRDA:49,14,1,0
BRDA:53,15,0,0
BRDA:53,15,1,0
BRDA:60,16,0,0
BRDA:60,16,1,0
BRDA:65,17,0,0
BRDA:65,17,1,1
BRDA:74,18,0,2
BRDA:74,18,1,1
BRDA:82,19,0,3
BRDA:82,19,1,3
BRDA:85,20,0,1
BRDA:85,20,1,0
BRDA:98,21,0,1
BRDA:98,21,1,0
BRDA:114,22,0,0
BRDA:114,22,1,6
BRDA:118,23,0,0
BRDA:118,23,1,6
BRDA:122,24,0,0
BRDA:122,24,1,6
BRDA:129,25,0,0
BRDA:129,25,1,6
BRDA:131,26,0,0
BRDA:131,26,1,6
BRDA:131,27,0,6
BRDA:131,27,1,0
BRDA:135,28,0,1
BRDA:135,28,1,5
BRDA:136,29,0,6
BRDA:136,29,1,5
BRDA:136,29,2,5
BRDA:143,30,0,0
BRDA:143,30,1,5
BRDA:143,31,0,5
BRDA:143,31,1,0
BRDA:148,32,0,1
BRDA:148,32,1,3
BRDA:151,33,0,1
BRDA:151,33,1,2
BRDA:155,34,0,1
BRDA:155,34,1,1
BRDA:160,35,0,0
BRDA:160,35,1,1
BRDA:164,36,0,1
BRDA:164,36,1,0
BRDA:168,37,0,0
BRDA:168,37,1,1
BRDA:168,38,0,1
BRDA:168,38,1,1
BRDA:169,39,0,0
BRDA:169,39,1,0
BRDA:173,40,0,0
BRDA:173,40,1,0
BRDA:178,41,0,0
BRDA:178,41,1,0
BRDA:180,42,0,0
BRDA:180,42,1,0
BRDA:189,43,0,0
BRDA:189,43,1,3
BRDA:191,44,0,2
BRDA:191,44,1,1
BRDA:202,45,0,2
BRDA:202,45,1,1
BRDA:206,46,0,3
BRDA:206,46,1,0
BRDA:206,47,0,3
BRDA:206,47,1,3
BRDA:214,48,0,2
BRDA:214,48,1,0
BRDA:224,49,0,2
BRDA:224,49,1,0
BRDA:232,50,0,1
BRDA:232,50,1,0
BRDA:239,51,0,0
BRDA:239,51,1,1
BRF:106
BRH:67
end_of_record
TN:
SF:controllers\arquivos.controller.ts
FN:10,(anonymous_1)
FN:29,(anonymous_2)
FN:56,(anonymous_3)
FN:82,(anonymous_4)
FN:119,(anonymous_5)
FNF:5
FNH:5
FNDA:3,(anonymous_1)
FNDA:3,(anonymous_2)
FNDA:3,(anonymous_3)
FNDA:7,(anonymous_4)
FNDA:7,(anonymous_5)
DA:2,1
DA:3,1
DA:4,1
DA:10,1
DA:11,3
DA:13,3
DA:14,0
DA:17,3
DA:19,3
DA:21,3
DA:23,3
DA:29,1
DA:30,3
DA:31,3
DA:32,3
DA:34,2
DA:38,1
DA:44,1
DA:48,1
DA:49,1
DA:56,1
DA:57,3
DA:58,3
DA:60,3
DA:61,1
DA:64,2
DA:66,2
DA:68,1
DA:72,1
DA:74,1
DA:75,1
DA:82,1
DA:83,7
DA:84,7
DA:85,7
DA:87,7
DA:88,6
DA:89,5
DA:91,4
DA:92,3
DA:94,2
DA:95,2
DA:97,1
DA:101,1
DA:105,1
DA:107,1
DA:111,1
DA:112,1
DA:119,1
DA:120,7
DA:121,7
DA:123,7
DA:124,6
DA:126,5
DA:127,4
DA:129,3
DA:130,3
DA:133,2
DA:134,1
DA:135,1
DA:139,2
DA:141,2
DA:143,2
DA:147,1
DA:148,1
LF:65
LH:64
BRDA:13,0,0,0
BRDA:13,0,1,3
BRDA:32,1,0,1
BRDA:32,1,1,2
BRDA:60,2,0,1
BRDA:60,2,1,2
BRDA:87,3,0,1
BRDA:87,3,1,6
BRDA:88,4,0,1
BRDA:88,4,1,5
BRDA:89,5,0,1
BRDA:89,5,1,4
BRDA:92,6,0,1
BRDA:92,6,1,2
BRDA:95,7,0,1
BRDA:95,7,1,1
BRDA:123,8,0,1
BRDA:123,8,1,6
BRDA:124,9,0,1
BRDA:124,9,1,5
BRDA:127,10,0,1
BRDA:127,10,1,3
BRDA:130,11,0,1
BRDA:130,11,1,2
BRDA:133,12,0,1
BRDA:133,12,1,1
BRF:26
BRH:25
end_of_record
TN:
SF:controllers\aulas.controller.ts
FN:9,(anonymous_1)
FN:15,(anonymous_2)
FN:28,(anonymous_3)
FN:51,(anonymous_4)
FN:70,(anonymous_5)
FN:112,(anonymous_6)
FN:152,(anonymous_7)
FN:215,(anonymous_8)
FNF:8
FNH:7
FNDA:8,(anonymous_1)
FNDA:2,(anonymous_2)
FNDA:3,(anonymous_3)
FNDA:4,(anonymous_4)
FNDA:0,(anonymous_5)
FNDA:5,(anonymous_6)
FNDA:2,(anonymous_7)
FNDA:6,(anonymous_8)
DA:2,1
DA:3,1
DA:4,1
DA:9,1
DA:10,8
DA:15,1
DA:16,2
DA:17,2
DA:18,1
DA:20,1
DA:21,1
DA:28,1
DA:29,3
DA:30,3
DA:32,3
DA:33,1
DA:36,2
DA:37,2
DA:38,1
DA:41,1
DA:43,0
DA:44,0
DA:51,1
DA:52,4
DA:61,4
DA:63,4
DA:65,4
DA:66,2
DA:69,2
DA:70,0
DA:89,2
DA:102,1
DA:104,1
DA:105,1
DA:112,1
DA:113,5
DA:114,5
DA:116,5
DA:117,0
DA:128,5
DA:130,5
DA:131,4
DA:132,1
DA:135,3
DA:136,3
DA:137,3
DA:139,3
DA:140,0
DA:143,3
DA:144,0
DA:147,3
DA:148,0
DA:151,3
DA:152,2
DA:153,2
DA:154,1
DA:156,1
DA:157,1
DA:158,1
DA:159,1
DA:160,1
DA:161,1
DA:162,1
DA:163,1
DA:164,1
DA:167,1
DA:169,1
DA:170,1
DA:175,1
DA:176,1
DA:182,1
DA:203,3
DA:205,3
DA:207,1
DA:208,1
DA:215,1
DA:216,6
DA:217,6
DA:219,6
DA:220,1
DA:223,5
DA:225,4
DA:226,1
DA:229,3
DA:230,1
DA:231,1
DA:232,1
DA:233,1
DA:238,1
DA:240,0
DA:245,3
DA:247,3
DA:251,1
DA:252,1
LF:94
LH:86
BRDA:10,0,0,8
BRDA:10,0,1,2
BRDA:30,1,0,0
BRDA:30,1,1,3
BRDA:32,2,0,1
BRDA:32,2,1,2
BRDA:37,3,0,1
BRDA:37,3,1,1
BRDA:65,4,0,2
BRDA:65,4,1,2
BRDA:65,5,0,4
BRDA:65,5,1,4
BRDA:65,5,2,3
BRDA:69,6,0,0
BRDA:69,6,1,2
BRDA:71,7,0,0
BRDA:71,7,1,0
BRDA:72,8,0,0
BRDA:72,8,1,0
BRDA:73,9,0,0
BRDA:73,9,1,0
BRDA:74,10,0,0
BRDA:74,10,1,0
BRDA:75,11,0,0
BRDA:75,11,1,0
BRDA:76,12,0,0
BRDA:76,12,1,0
BRDA:77,13,0,0
BRDA:77,13,1,0
BRDA:78,14,0,0
BRDA:78,14,1,0
BRDA:79,15,0,0
BRDA:79,15,1,0
BRDA:80,16,0,0
BRDA:80,16,1,0
BRDA:83,17,0,0
BRDA:83,17,1,0
BRDA:85,18,0,0
BRDA:85,18,1,0
BRDA:92,19,0,2
BRDA:92,19,1,2
BRDA:93,20,0,2
BRDA:93,20,1,2
BRDA:94,21,0,0
BRDA:94,21,1,2
BRDA:97,22,0,0
BRDA:97,22,1,2
BRDA:114,23,0,0
BRDA:114,23,1,5
BRDA:116,24,0,0
BRDA:116,24,1,5
BRDA:131,25,0,1
BRDA:131,25,1,3
BRDA:135,26,0,1
BRDA:135,26,1,2
BRDA:136,27,0,0
BRDA:136,27,1,3
BRDA:137,28,0,0
BRDA:137,28,1,3
BRDA:139,29,0,0
BRDA:139,29,1,3
BRDA:143,30,0,0
BRDA:143,30,1,3
BRDA:143,31,0,3
BRDA:143,31,1,0
BRDA:147,32,0,0
BRDA:147,32,1,3
BRDA:147,33,0,3
BRDA:147,33,1,0
BRDA:151,34,0,2
BRDA:151,34,1,1
BRDA:153,35,0,1
BRDA:153,35,1,1
BRDA:156,36,0,1
BRDA:156,36,1,0
BRDA:157,37,0,1
BRDA:157,37,1,1
BRDA:158,38,0,1
BRDA:158,38,1,0
BRDA:159,39,0,1
BRDA:159,39,1,1
BRDA:160,40,0,1
BRDA:160,40,1,1
BRDA:161,41,0,1
BRDA:161,41,1,1
BRDA:162,42,0,1
BRDA:162,42,1,1
BRDA:163,43,0,1
BRDA:163,43,1,1
BRDA:164,44,0,0
BRDA:164,44,1,1
BRDA:167,45,0,1
BRDA:167,45,1,1
BRDA:169,46,0,1
BRDA:169,46,1,0
BRDA:170,47,0,1
BRDA:170,47,1,0
BRDA:175,48,0,1
BRDA:175,48,1,0
BRDA:176,49,0,1
BRDA:176,49,1,0
BRDA:183,50,0,1
BRDA:183,50,1,0
BRDA:184,51,0,1
BRDA:184,51,1,0
BRDA:185,52,0,1
BRDA:185,52,1,1
BRDA:186,53,0,1
BRDA:186,53,1,1
BRDA:187,54,0,1
BRDA:187,54,1,1
BRDA:188,55,0,1
BRDA:188,55,1,1
BRDA:189,56,0,1
BRDA:189,56,1,1
BRDA:190,57,0,0
BRDA:190,57,1,1
BRDA:191,58,0,1
BRDA:191,58,1,1
BRDA:192,59,0,0
BRDA:192,59,1,1
BRDA:195,60,0,0
BRDA:195,60,1,1
BRDA:197,61,0,1
BRDA:197,61,1,0
BRDA:217,62,0,1
BRDA:217,62,1,5
BRDA:219,63,0,1
BRDA:219,63,1,5
BRDA:225,64,0,1
BRDA:225,64,1,3
BRDA:230,65,0,1
BRDA:230,65,1,0
BRF:133
BRH:82
end_of_record
TN:
SF:controllers\auth.controller.ts
FN:10,(anonymous_1)
FN:102,(anonymous_2)
FN:191,(anonymous_3)
FN:197,(anonymous_4)
FN:220,(anonymous_5)
FNF:5
FNH:5
FNDA:12,(anonymous_1)
FNDA:11,(anonymous_2)
FNDA:1,(anonymous_3)
FNDA:4,(anonymous_4)
FNDA:4,(anonymous_5)
DA:2,1
DA:3,1
DA:6,1
DA:7,1
DA:8,1
DA:10,1
DA:11,12
DA:12,12
DA:14,12
DA:15,1
DA:18,11
DA:22,10
DA:23,2
DA:26,8
DA:28,8
DA:29,1
DA:33,1
DA:38,7
DA:39,1
DA:42,6
DA:44,6
DA:45,1
DA:48,5
DA:50,5
DA:51,2
DA:53,2
DA:54,2
DA:55,1
DA:58,2
DA:59,2
DA:62,3
DA:63,3
DA:64,3
DA:66,3
DA:67,1
DA:70,2
DA:71,1
DA:72,1
DA:74,1
DA:80,1
DA:83,1
DA:85,1
DA:86,1
DA:87,1
DA:89,1
DA:91,1
DA:93,1
DA:98,1
DA:102,1
DA:103,11
DA:104,11
DA:106,11
DA:107,1
DA:113,10
DA:114,1
DA:117,9
DA:118,9
DA:119,1
DA:122,8
DA:126,7
DA:127,1
DA:130,6
DA:132,6
DA:133,1
DA:134,1
DA:135,1
DA:138,6
DA:139,1
DA:143,1
DA:148,5
DA:151,5
DA:156,5
DA:157,3
DA:159,3
DA:160,1
DA:163,3
DA:165,3
DA:170,2
DA:171,2
DA:172,2
DA:173,2
DA:174,2
DA:176,2
DA:178,2
DA:184,2
DA:186,1
DA:191,1
DA:192,1
DA:197,1
DA:198,4
DA:199,4
DA:201,4
DA:202,1
DA:205,3
DA:207,2
DA:208,1
DA:211,1
DA:212,1
DA:214,1
DA:216,1
DA:220,1
DA:221,4
DA:222,4
DA:224,4
DA:225,1
DA:228,3
DA:230,2
DA:231,1
DA:234,1
DA:235,1
DA:237,1
DA:239,1
LF:112
LH:112
BRDA:14,0,0,1
BRDA:14,0,1,11
BRDA:14,1,0,12
BRDA:14,1,1,11
BRDA:22,2,0,2
BRDA:22,2,1,8
BRDA:22,3,0,10
BRDA:22,3,1,9
BRDA:28,4,0,1
BRDA:28,4,1,7
BRDA:28,5,0,8
BRDA:28,5,1,1
BRDA:38,6,0,1
BRDA:38,6,1,6
BRDA:44,7,0,1
BRDA:44,7,1,5
BRDA:50,8,0,2
BRDA:50,8,1,3
BRDA:54,9,0,1
BRDA:54,9,1,1
BRDA:66,10,0,1
BRDA:66,10,1,2
BRDA:70,11,0,1
BRDA:70,11,1,1
BRDA:106,12,0,1
BRDA:106,12,1,10
BRDA:106,13,0,11
BRDA:106,13,1,10
BRDA:113,14,0,1
BRDA:113,14,1,9
BRDA:118,15,0,1
BRDA:118,15,1,8
BRDA:126,16,0,1
BRDA:126,16,1,6
BRDA:132,17,0,1
BRDA:132,17,1,5
BRDA:132,18,0,6
BRDA:132,18,1,2
BRDA:138,19,0,1
BRDA:138,19,1,5
BRDA:138,20,0,6
BRDA:138,20,1,1
BRDA:151,21,0,5
BRDA:151,21,1,5
BRDA:151,21,2,3
BRDA:151,21,3,3
BRDA:156,22,0,3
BRDA:156,22,1,2
BRDA:159,23,0,1
BRDA:159,23,1,2
BRDA:201,24,0,1
BRDA:201,24,1,3
BRDA:201,25,0,4
BRDA:201,25,1,3
BRDA:207,26,0,1
BRDA:207,26,1,1
BRDA:224,27,0,1
BRDA:224,27,1,3
BRDA:224,28,0,4
BRDA:224,28,1,3
BRDA:230,29,0,1
BRDA:230,29,1,1
BRF:62
BRH:62
end_of_record
TN:
SF:controllers\cadastro.controller.ts
FN:12,(anonymous_1)
FN:94,(anonymous_2)
FN:141,(anonymous_3)
FN:179,(anonymous_4)
FN:224,(anonymous_5)
FN:256,(anonymous_6)
FNF:6
FNH:6
FNDA:7,(anonymous_1)
FNDA:6,(anonymous_2)
FNDA:5,(anonymous_3)
FNDA:5,(anonymous_4)
FNDA:5,(anonymous_5)
FNDA:5,(anonymous_6)
DA:2,1
DA:3,1
DA:6,1
DA:7,1
DA:8,1
DA:9,1
DA:10,1
DA:12,1
DA:13,7
DA:14,7
DA:16,7
DA:17,1
DA:20,6
DA:22,5
DA:23,1
DA:26,4
DA:27,1
DA:32,3
DA:33,3
DA:34,1
DA:37,2
DA:40,2
DA:42,1
DA:44,1
DA:58,1
DA:60,1
DA:66,1
DA:72,1
DA:81,1
DA:83,1
DA:88,1
DA:89,1
DA:94,1
DA:95,6
DA:96,6
DA:98,6
DA:99,1
DA:102,5
DA:104,5
DA:105,1
DA:108,4
DA:109,1
DA:112,3
DA:114,2
DA:115,1
DA:121,1
DA:123,1
DA:124,1
DA:126,1
DA:128,1
DA:130,1
DA:132,1
DA:137,1
DA:141,1
DA:142,5
DA:143,5
DA:145,5
DA:146,1
DA:149,4
DA:150,1
DA:156,3
DA:161,2
DA:162,1
DA:165,1
DA:166,1
DA:167,1
DA:169,1
DA:171,1
DA:175,1
DA:179,1
DA:180,5
DA:181,5
DA:183,5
DA:184,1
DA:189,4
DA:191,3
DA:192,1
DA:198,2
DA:199,2
DA:200,1
DA:203,1
DA:205,1
DA:206,1
DA:207,1
DA:209,1
DA:211,1
DA:213,1
DA:215,1
DA:220,1
DA:224,1
DA:225,5
DA:226,5
DA:228,5
DA:229,1
DA:232,4
DA:237,3
DA:238,2
DA:241,1
DA:242,1
DA:243,1
DA:244,1
DA:246,1
DA:248,1
DA:252,1
DA:256,1
DA:257,5
DA:258,5
DA:260,5
DA:261,1
DA:266,4
DA:267,1
DA:273,3
DA:278,2
DA:279,1
DA:284,1
DA:285,1
DA:286,1
DA:287,1
DA:289,1
DA:291,1
DA:295,1
LF:121
LH:121
BRDA:16,0,0,1
BRDA:16,0,1,6
BRDA:22,1,0,1
BRDA:22,1,1,4
BRDA:26,2,0,1
BRDA:26,2,1,3
BRDA:26,3,0,4
BRDA:26,3,1,4
BRDA:33,4,0,1
BRDA:33,4,1,2
BRDA:40,5,0,1
BRDA:40,5,1,1
BRDA:98,6,0,1
BRDA:98,6,1,5
BRDA:104,7,0,1
BRDA:104,7,1,4
BRDA:108,8,0,1
BRDA:108,8,1,3
BRDA:114,9,0,1
BRDA:114,9,1,1
BRDA:145,10,0,1
BRDA:145,10,1,4
BRDA:145,11,0,5
BRDA:145,11,1,4
BRDA:149,12,0,1
BRDA:149,12,1,3
BRDA:161,13,0,1
BRDA:161,13,1,1
BRDA:183,14,0,1
BRDA:183,14,1,4
BRDA:183,15,0,5
BRDA:183,15,1,5
BRDA:191,16,0,1
BRDA:191,16,1,2
BRDA:199,17,0,1
BRDA:199,17,1,1
BRDA:228,18,0,1
BRDA:228,18,1,4
BRDA:237,19,0,2
BRDA:237,19,1,1
BRDA:237,20,0,3
BRDA:237,20,1,2
BRDA:260,21,0,1
BRDA:260,21,1,4
BRDA:260,22,0,5
BRDA:260,22,1,4
BRDA:266,23,0,1
BRDA:266,23,1,3
BRDA:278,24,0,1
BRDA:278,24,1,1
BRF:50
BRH:50
end_of_record
TN:
SF:controllers\conteudos.controller.ts
FN:8,(anonymous_1)
FN:13,(anonymous_2)
FN:33,(anonymous_3)
FN:83,(anonymous_4)
FN:122,(anonymous_5)
FNF:5
FNH:5
FNDA:5,(anonymous_1)
FNDA:5,(anonymous_2)
FNDA:6,(anonymous_3)
FNDA:6,(anonymous_4)
FNDA:6,(anonymous_5)
DA:2,1
DA:3,1
DA:8,5
DA:13,1
DA:14,5
DA:15,5
DA:17,5
DA:18,1
DA:20,4
DA:21,3
DA:23,2
DA:25,1
DA:26,1
DA:33,1
DA:34,6
DA:35,6
DA:37,6
DA:38,1
DA:40,5
DA:41,4
DA:43,3
DA:44,3
DA:46,3
DA:48,3
DA:52,3
DA:56,3
DA:72,3
DA:73,3
DA:75,1
DA:76,1
DA:83,1
DA:84,6
DA:85,6
DA:86,6
DA:88,6
DA:89,1
DA:91,5
DA:92,4
DA:94,3
DA:95,3
DA:97,2
DA:99,2
DA:100,2
DA:101,2
DA:102,2
DA:103,2
DA:104,2
DA:105,2
DA:106,2
DA:107,2
DA:108,2
DA:109,2
DA:111,2
DA:112,2
DA:114,1
DA:115,1
DA:122,1
DA:123,6
DA:124,6
DA:125,6
DA:127,6
DA:131,1
DA:133,5
DA:134,4
DA:136,3
DA:137,3
DA:139,2
DA:141,2
DA:143,2
DA:146,1
DA:147,1
LF:71
LH:71
BRDA:15,0,0,1
BRDA:15,0,1,4
BRDA:17,1,0,1
BRDA:17,1,1,4
BRDA:21,2,0,1
BRDA:21,2,1,2
BRDA:35,3,0,0
BRDA:35,3,1,6
BRDA:37,4,0,1
BRDA:37,4,1,5
BRDA:41,5,0,1
BRDA:41,5,1,3
BRDA:44,6,0,3
BRDA:44,6,1,2
BRDA:48,7,0,1
BRDA:48,7,1,2
BRDA:48,8,0,3
BRDA:48,8,1,2
BRDA:52,9,0,1
BRDA:52,9,1,2
BRDA:52,10,0,3
BRDA:52,10,1,2
BRDA:57,11,0,3
BRDA:57,11,1,3
BRDA:58,12,0,3
BRDA:58,12,1,1
BRDA:59,13,0,3
BRDA:59,13,1,3
BRDA:60,14,0,3
BRDA:60,14,1,3
BRDA:61,15,0,3
BRDA:61,15,1,3
BRDA:62,16,0,3
BRDA:62,16,1,3
BRDA:63,17,0,3
BRDA:63,17,1,3
BRDA:64,18,0,1
BRDA:64,18,1,2
BRDA:65,19,0,3
BRDA:65,19,1,3
BRDA:85,20,0,1
BRDA:85,20,1,5
BRDA:86,21,0,1
BRDA:86,21,1,5
BRDA:88,22,0,1
BRDA:88,22,1,5
BRDA:88,23,0,6
BRDA:88,23,1,5
BRDA:92,24,0,1
BRDA:92,24,1,3
BRDA:95,25,0,1
BRDA:95,25,1,2
BRDA:99,26,0,0
BRDA:99,26,1,2
BRDA:100,27,0,2
BRDA:100,27,1,0
BRDA:101,28,0,0
BRDA:101,28,1,2
BRDA:102,29,0,0
BRDA:102,29,1,2
BRDA:103,30,0,0
BRDA:103,30,1,2
BRDA:104,31,0,0
BRDA:104,31,1,2
BRDA:105,32,0,0
BRDA:105,32,1,2
BRDA:106,33,0,0
BRDA:106,33,1,2
BRDA:107,34,0,0
BRDA:107,34,1,2
BRDA:108,35,0,1
BRDA:108,35,1,1
BRDA:108,36,0,2
BRDA:108,36,1,1
BRDA:109,37,0,0
BRDA:109,37,1,2
BRDA:109,38,0,2
BRDA:109,38,1,0
BRDA:124,39,0,1
BRDA:124,39,1,5
BRDA:125,40,0,1
BRDA:125,40,1,5
BRDA:127,41,0,1
BRDA:127,41,1,5
BRDA:128,42,0,6
BRDA:128,42,1,5
BRDA:134,43,0,1
BRDA:134,43,1,3
BRDA:137,44,0,1
BRDA:137,44,1,2
BRF:90
BRH:78
end_of_record
TN:
SF:controllers\exercicios.controller.ts
FN:8,(anonymous_1)
FN:33,(anonymous_2)
FN:74,(anonymous_3)
FN:105,(anonymous_4)
FN:159,(anonymous_5)
FNF:5
FNH:5
FNDA:6,(anonymous_1)
FNDA:7,(anonymous_2)
FNDA:6,(anonymous_3)
FNDA:9,(anonymous_4)
FNDA:1,(anonymous_5)
DA:2,1
DA:3,1
DA:8,1
DA:9,6
DA:10,6
DA:11,6
DA:13,6
DA:14,1
DA:16,5
DA:17,4
DA:19,3
DA:20,3
DA:21,2
DA:23,1
DA:25,1
DA:26,1
DA:33,1
DA:34,7
DA:35,7
DA:36,7
DA:38,7
DA:39,1
DA:41,6
DA:42,5
DA:44,4
DA:45,4
DA:46,3
DA:48,2
DA:49,2
DA:50,1
DA:53,1
DA:63,1
DA:64,1
DA:66,1
DA:67,1
DA:74,1
DA:75,6
DA:76,6
DA:77,6
DA:78,6
DA:80,6
DA:83,1
DA:85,5
DA:86,4
DA:88,3
DA:89,3
DA:90,2
DA:92,1
DA:94,1
DA:95,1
DA:97,1
DA:98,1
DA:105,1
DA:106,9
DA:107,9
DA:108,9
DA:109,9
DA:111,9
DA:113,9
DA:114,1
DA:116,8
DA:122,1
DA:125,7
DA:126,1
DA:129,6
DA:130,5
DA:132,4
DA:133,4
DA:134,3
DA:135,1
DA:137,2
DA:138,2
DA:140,1
DA:147,1
DA:158,1
DA:159,1
DA:163,1
DA:165,1
DA:167,1
DA:175,1
DA:176,1
LF:81
LH:81
BRDA:10,0,0,0
BRDA:10,0,1,6
BRDA:11,1,0,0
BRDA:11,1,1,6
BRDA:13,2,0,1
BRDA:13,2,1,5
BRDA:13,3,0,6
BRDA:13,3,1,5
BRDA:17,4,0,1
BRDA:17,4,1,3
BRDA:20,5,0,1
BRDA:20,5,1,2
BRDA:21,6,0,1
BRDA:21,6,1,1
BRDA:35,7,0,0
BRDA:35,7,1,7
BRDA:36,8,0,0
BRDA:36,8,1,7
BRDA:38,9,0,1
BRDA:38,9,1,6
BRDA:38,10,0,7
BRDA:38,10,1,6
BRDA:42,11,0,1
BRDA:42,11,1,4
BRDA:45,12,0,1
BRDA:45,12,1,3
BRDA:46,13,0,1
BRDA:46,13,1,2
BRDA:49,14,0,1
BRDA:49,14,1,1
BRDA:49,15,0,2
BRDA:49,15,1,1
BRDA:49,15,2,1
BRDA:59,16,0,1
BRDA:59,16,1,0
BRDA:76,17,0,0
BRDA:76,17,1,6
BRDA:77,18,0,0
BRDA:77,18,1,6
BRDA:78,19,0,0
BRDA:78,19,1,6
BRDA:80,20,0,1
BRDA:80,20,1,5
BRDA:80,21,0,6
BRDA:80,21,1,5
BRDA:80,21,2,5
BRDA:86,22,0,1
BRDA:86,22,1,3
BRDA:89,23,0,1
BRDA:89,23,1,2
BRDA:90,24,0,1
BRDA:90,24,1,1
BRDA:107,25,0,0
BRDA:107,25,1,9
BRDA:108,26,0,0
BRDA:108,26,1,9
BRDA:109,27,0,0
BRDA:109,27,1,9
BRDA:113,28,0,1
BRDA:113,28,1,8
BRDA:116,29,0,1
BRDA:116,29,1,7
BRDA:117,30,0,8
BRDA:117,30,1,7
BRDA:117,30,2,7
BRDA:117,30,3,7
BRDA:125,31,0,1
BRDA:125,31,1,6
BRDA:130,32,0,1
BRDA:130,32,1,4
BRDA:133,33,0,1
BRDA:133,33,1,3
BRDA:134,34,0,1
BRDA:134,34,1,2
BRDA:138,35,0,1
BRDA:138,35,1,1
BRDA:151,36,0,1
BRDA:151,36,1,0
BRDA:159,37,0,1
BRDA:159,37,1,0
BRF:80
BRH:67
end_of_record
TN:
SF:controllers\personalizaveis.controller.ts
FN:8,(anonymous_1)
FN:16,(anonymous_2)
FN:41,(anonymous_3)
FN:73,(anonymous_4)
FN:98,(anonymous_5)
FN:130,(anonymous_6)
FN:155,(anonymous_7)
FN:187,(anonymous_8)
FN:229,(anonymous_9)
FNF:9
FNH:9
FNDA:49,(anonymous_1)
FNDA:5,(anonymous_2)
FNDA:6,(anonymous_3)
FNDA:4,(anonymous_4)
FNDA:6,(anonymous_5)
FNDA:4,(anonymous_6)
FNDA:6,(anonymous_7)
FNDA:4,(anonymous_8)
FNDA:4,(anonymous_9)
DA:2,1
DA:3,1
DA:8,1
DA:9,49
DA:10,49
DA:16,1
DA:17,5
DA:18,5
DA:19,5
DA:21,5
DA:22,1
DA:23,4
DA:25,3
DA:26,2
DA:28,1
DA:29,1
DA:31,1
DA:33,1
DA:34,1
DA:41,1
DA:42,6
DA:43,6
DA:44,6
DA:45,6
DA:47,6
DA:50,1
DA:52,5
DA:54,4
DA:55,3
DA:57,2
DA:58,2
DA:60,1
DA:61,1
DA:63,1
DA:65,1
DA:66,1
DA:73,1
DA:74,4
DA:75,4
DA:76,4
DA:78,4
DA:79,0
DA:80,4
DA:82,3
DA:83,2
DA:85,1
DA:86,1
DA:88,1
DA:90,1
DA:91,1
DA:98,1
DA:99,6
DA:100,6
DA:101,6
DA:102,6
DA:104,6
DA:107,1
DA:109,5
DA:111,4
DA:112,3
DA:114,2
DA:115,2
DA:117,1
DA:118,1
DA:120,1
DA:122,1
DA:123,1
DA:130,1
DA:131,4
DA:132,4
DA:133,4
DA:135,4
DA:136,0
DA:137,4
DA:139,3
DA:140,2
DA:142,1
DA:143,1
DA:145,1
DA:147,1
DA:148,1
DA:155,1
DA:156,6
DA:157,6
DA:158,6
DA:159,6
DA:161,6
DA:164,1
DA:166,5
DA:168,4
DA:169,3
DA:171,2
DA:172,2
DA:174,1
DA:175,1
DA:177,1
DA:179,1
DA:180,1
DA:187,1
DA:188,4
DA:189,4
DA:191,4
DA:192,1
DA:194,3
DA:196,2
DA:197,1
DA:202,1
DA:204,1
DA:210,1
DA:211,1
DA:213,1
DA:219,1
DA:220,1
DA:229,1
DA:230,4
DA:231,4
DA:233,4
DA:234,1
DA:236,3
DA:238,2
DA:239,1
DA:244,1
DA:246,1
DA:252,1
DA:253,1
DA:255,1
DA:261,1
DA:262,1
LF:128
LH:126
BRDA:9,0,0,0
BRDA:9,0,1,49
BRDA:10,1,0,0
BRDA:10,1,1,49
BRDA:21,2,0,1
BRDA:21,2,1,4
BRDA:21,3,0,5
BRDA:21,3,1,5
BRDA:23,4,0,1
BRDA:23,4,1,3
BRDA:26,5,0,1
BRDA:26,5,1,1
BRDA:47,6,0,1
BRDA:47,6,1,5
BRDA:47,7,0,6
BRDA:47,7,1,6
BRDA:47,7,2,6
BRDA:47,7,3,5
BRDA:52,8,0,1
BRDA:52,8,1,4
BRDA:55,9,0,1
BRDA:55,9,1,2
BRDA:58,10,0,1
BRDA:58,10,1,1
BRDA:78,11,0,0
BRDA:78,11,1,4
BRDA:78,12,0,4
BRDA:78,12,1,4
BRDA:80,13,0,1
BRDA:80,13,1,3
BRDA:83,14,0,1
BRDA:83,14,1,1
BRDA:104,15,0,1
BRDA:104,15,1,5
BRDA:104,16,0,6
BRDA:104,16,1,6
BRDA:104,16,2,6
BRDA:104,16,3,5
BRDA:109,17,0,1
BRDA:109,17,1,4
BRDA:112,18,0,1
BRDA:112,18,1,2
BRDA:115,19,0,1
BRDA:115,19,1,1
BRDA:135,20,0,0
BRDA:135,20,1,4
BRDA:135,21,0,4
BRDA:135,21,1,4
BRDA:137,22,0,1
BRDA:137,22,1,3
BRDA:140,23,0,1
BRDA:140,23,1,1
BRDA:161,24,0,1
BRDA:161,24,1,5
BRDA:161,25,0,6
BRDA:161,25,1,6
BRDA:161,25,2,6
BRDA:161,25,3,5
BRDA:166,26,0,1
BRDA:166,26,1,4
BRDA:169,27,0,1
BRDA:169,27,1,2
BRDA:172,28,0,1
BRDA:172,28,1,1
BRDA:191,29,0,1
BRDA:191,29,1,3
BRDA:196,30,0,1
BRDA:196,30,1,1
BRDA:233,31,0,1
BRDA:233,31,1,3
BRDA:238,32,0,1
BRDA:238,32,1,1
BRF:72
BRH:68
end_of_record
TN:
SF:middlewares\adminOnly.ts
FN:4,(anonymous_0)
FNF:1
FNH:1
FNDA:3,(anonymous_0)
DA:4,1
DA:9,3
DA:10,1
DA:13,2
DA:14,1
DA:17,1
LF:6
LH:6
BRDA:9,0,0,1
BRDA:9,0,1,2
BRDA:13,1,0,1
BRDA:13,1,1,1
BRF:4
BRH:4
end_of_record
TN:
SF:middlewares\arquivos.ts
FNF:0
FNH:0
DA:1,1
DA:3,1
DA:5,1
LF:3
LH:3
BRF:0
BRH:0
end_of_record
TN:
SF:middlewares\auth.ts
FN:6,(anonymous_10)
FNF:1
FNH:1
FNDA:9,(anonymous_10)
DA:2,1
DA:4,1
DA:6,1
DA:11,9
DA:13,9
DA:14,1
DA:17,8
DA:19,8
DA:20,1
DA:23,7
DA:24,1
DA:27,6
DA:28,6
DA:33,3
DA:34,1
DA:37,2
DA:39,2
DA:40,1
DA:43,1
DA:48,1
DA:50,3
DA:51,1
DA:54,2
DA:55,1
DA:58,1
DA:59,1
LF:26
LH:26
BRDA:13,0,0,1
BRDA:13,0,1,8
BRDA:13,1,0,9
BRDA:13,1,1,8
BRDA:19,2,0,1
BRDA:19,2,1,7
BRDA:19,3,0,8
BRDA:19,3,1,7
BRDA:23,4,0,1
BRDA:23,4,1,6
BRDA:33,5,0,1
BRDA:33,5,1,2
BRDA:39,6,0,1
BRDA:39,6,1,1
BRDA:50,7,0,1
BRDA:50,7,1,2
BRDA:54,8,0,1
BRDA:54,8,1,1
BRF:18
BRH:18
end_of_record
TN:
SF:middlewares\loginUserLimiter.ts
FN:8,loginUserLimiter
FNF:1
FNH:1
FNDA:5,loginUserLimiter
DA:2,1
DA:8,1
DA:13,5
DA:15,5
DA:16,1
DA:19,4
DA:24,4
DA:25,1
DA:29,3
DA:30,1
DA:36,2
DA:37,1
DA:38,1
DA:39,1
DA:42,2
DA:43,2
LF:16
LH:16
BRDA:15,0,0,1
BRDA:15,0,1,4
BRDA:24,1,0,1
BRDA:24,1,1,3
BRDA:29,2,0,1
BRDA:29,2,1,2
BRDA:29,3,0,3
BRDA:29,3,1,2
BRDA:36,4,0,1
BRDA:36,4,1,1
BRDA:36,5,0,2
BRDA:36,5,1,1
BRF:12
BRH:12
end_of_record
TN:
SF:middlewares\rateLimit.ts
FNF:0
FNH:0
DA:1,1
DA:6,1
DA:16,1
DA:27,1
DA:38,1
LF:5
LH:5
BRF:0
BRH:0
end_of_record
TN:
SF:models\aulas.model.ts
FNF:0
FNH:0
DA:1,7
DA:6,7
DA:30,7
DA:46,7
DA:73,7
DA:90,7
DA:101,7
DA:102,7
DA:104,7
LF:9
LH:9
BRF:0
BRH:0
end_of_record
TN:
SF:models\sistema.model.ts
FNF:0
FNH:0
DA:1,2
DA:7,2
DA:21,2
LF:3
LH:3
BRF:0
BRH:0
end_of_record
TN:
SF:models\usuarios.model.ts
FNF:0
FNH:0
DA:1,6
DA:38,6
DA:161,6
LF:3
LH:3
BRF:0
BRH:0
end_of_record
TN:
SF:routes\admin.routes.ts
FNF:0
FNH:0
DA:1,1
DA:2,1
DA:15,1
DA:16,1
DA:17,1
DA:19,1
DA:21,1
DA:22,1
DA:24,1
DA:25,1
DA:26,1
DA:28,1
DA:29,1
DA:30,1
DA:32,1
DA:33,1
DA:35,1
LF:17
LH:17
BRF:0
BRH:0
end_of_record
TN:
SF:routes\analiticos.routes.ts
FNF:0
FNH:0
DA:1,1
DA:3,1
DA:8,1
DA:9,1
DA:11,1
DA:20,1
DA:34,1
DA:41,1
LF:8
LH:8
BRF:0
BRH:0
end_of_record
TN:
SF:routes\arquivos.routes.ts
FNF:0
FNH:0
DA:1,1
DA:2,1
DA:8,1
DA:9,1
DA:10,1
DA:12,1
DA:17,1
DA:18,1
DA:23,1
DA:31,1
DA:38,1
LF:11
LH:11
BRF:0
BRH:0
end_of_record
TN:
SF:routes\aulas.routes.ts
FNF:0
FNH:0
DA:1,1
DA:2,1
DA:10,1
DA:11,1
DA:13,1
DA:16,1
DA:17,1
DA:20,1
DA:21,1
DA:22,1
DA:24,1
LF:11
LH:11
BRF:0
BRH:0
end_of_record
TN:
SF:routes\auth.routes.ts
FNF:0
FNH:0
DA:1,1
DA:2,1
DA:3,1
DA:12,1
DA:14,1
DA:15,1
DA:16,1
DA:18,1
DA:19,1
DA:21,1
LF:10
LH:10
BRF:0
BRH:0
end_of_record
TN:
SF:routes\cadastro.routes.ts
FNF:0
FNH:0
DA:1,1
DA:2,1
DA:11,1
DA:13,1
DA:15,1
DA:17,1
DA:18,1
DA:20,1
DA:21,1
DA:23,1
LF:10
LH:10
BRF:0
BRH:0
end_of_record
TN:
SF:routes\conteudos.routes.ts
FNF:0
FNH:0
DA:1,1
DA:2,1
DA:9,1
DA:10,1
DA:12,1
DA:15,1
DA:18,1
DA:21,1
DA:24,1
DA:26,1
LF:10
LH:10
BRF:0
BRH:0
end_of_record
TN:
SF:routes\exercicios.routes.ts
FNF:0
FNH:0
DA:1,1
DA:2,1
DA:9,1
DA:10,1
DA:12,1
DA:15,1
DA:18,1
DA:21,1
DA:24,1
DA:26,1
LF:10
LH:10
BRF:0
BRH:0
end_of_record
TN:
SF:routes\personalizaveis.routes.ts
FNF:0
FNH:0
DA:1,1
DA:2,1
DA:13,1
DA:14,1
DA:16,1
DA:19,1
DA:20,1
DA:21,1
DA:24,1
DA:25,1
DA:26,1
DA:29,1
DA:30,1
DA:33,1
LF:14
LH:14
BRF:0
BRH:0
end_of_record
TN:
SF:utils\email.ts
FNF:0
FNH:0
DA:1,5
DA:3,5
LF:2
LH:2
BRF:0
BRH:0
end_of_record
TN:
SF:utils\emailService.ts
FN:9,(anonymous_0)
FN:29,(anonymous_1)
FN:34,(anonymous_2)
FN:39,(anonymous_3)
FN:44,(anonymous_4)
FN:49,(anonymous_5)
FN:54,(anonymous_6)
FN:64,(anonymous_7)
FN:69,(anonymous_8)
FN:74,(anonymous_9)
FNF:10
FNH:10
FNDA:9,(anonymous_0)
FNDA:1,(anonymous_1)
FNDA:1,(anonymous_2)
FNDA:1,(anonymous_3)
FNDA:1,(anonymous_4)
FNDA:1,(anonymous_5)
FNDA:1,(anonymous_6)
FNDA:1,(anonymous_7)
FNDA:1,(anonymous_8)
FNDA:1,(anonymous_9)
DA:1,4
DA:2,4
DA:9,4
DA:13,9
DA:28,4
DA:30,1
DA:31,1
DA:35,1
DA:36,1
DA:40,1
DA:41,1
DA:45,1
DA:46,1
DA:50,1
DA:51,1
DA:60,1
DA:61,1
DA:65,1
DA:66,1
DA:70,1
DA:71,1
DA:75,1
DA:76,1
LF:23
LH:23
BRF:0
BRH:0
end_of_record
TN:
SF:utils\emailTemplates.ts
FN:2,(anonymous_0)
FN:19,(anonymous_1)
FN:34,(anonymous_2)
FN:47,(anonymous_3)
FN:69,(anonymous_4)
FN:82,(anonymous_5)
FN:95,(anonymous_6)
FN:110,(anonymous_7)
FN:131,(anonymous_8)
FNF:9
FNH:9
FNDA:1,(anonymous_0)
FNDA:1,(anonymous_1)
FNDA:1,(anonymous_2)
FNDA:1,(anonymous_3)
FNDA:1,(anonymous_4)
FNDA:1,(anonymous_5)
FNDA:1,(anonymous_6)
FNDA:1,(anonymous_7)
FNDA:1,(anonymous_8)
DA:1,5
DA:2,1
DA:19,1
DA:34,1
DA:47,1
DA:69,1
DA:82,1
DA:95,1
DA:110,1
DA:131,1
LF:10
LH:10
BRF:0
BRH:0
end_of_record
TN:
SF:utils\senha.ts
FN:1,validarSenhaForte
FNF:1
FNH:1
FNDA:5,validarSenhaForte
DA:1,2
DA:3,5
DA:4,5
LF:3
LH:3
BRF:0
BRH:0
end_of_record
